2019-11-29 15:19:25 [scrapy.core.scraper] ERROR: Spider error processing <GET https://cd.lianjia.com/zufang/CD2396367660091973632.html> (referer: https://cd.lianjia.com/zufang/jinjiang/pg2rp2)
Traceback (most recent call last):
  File "/Users/chumu/PycharmProjects/test/venv/lib/python3.6/site-packages/twisted/internet/defer.py", line 654, in _runCallbacks
    current.result = callback(current.result, *args, **kw)
  File "/Users/chumu/Desktop/myspider/Project/15-scrapy/num7_lianjia/num7_lianjia/spiders/lianjia.py", line 75, in detail_parse
    house_price = house_price[0] + '元/月'
IndexError: list index out of range
2019-11-29 15:19:26 [scrapy.core.scraper] ERROR: Spider error processing <GET https://cd.lianjia.com/zufang/CD2399432637220929536.html> (referer: https://cd.lianjia.com/zufang/jinjiang/pg2rp2)
Traceback (most recent call last):
  File "/Users/chumu/PycharmProjects/test/venv/lib/python3.6/site-packages/twisted/internet/defer.py", line 654, in _runCallbacks
    current.result = callback(current.result, *args, **kw)
  File "/Users/chumu/Desktop/myspider/Project/15-scrapy/num7_lianjia/num7_lianjia/spiders/lianjia.py", line 75, in detail_parse
    house_price = house_price[0] + '元/月'
IndexError: list index out of range
2019-11-29 15:19:29 [scrapy.core.scraper] ERROR: Spider error processing <GET https://cd.lianjia.com/zufang/CD2395618135047938048.html> (referer: https://cd.lianjia.com/zufang/jinjiang/pg2rp2)
Traceback (most recent call last):
  File "/Users/chumu/PycharmProjects/test/venv/lib/python3.6/site-packages/twisted/internet/defer.py", line 654, in _runCallbacks
    current.result = callback(current.result, *args, **kw)
  File "/Users/chumu/Desktop/myspider/Project/15-scrapy/num7_lianjia/num7_lianjia/spiders/lianjia.py", line 75, in detail_parse
    house_price = house_price[0] + '元/月'
IndexError: list index out of range
2019-11-29 15:19:29 [scrapy.core.scraper] ERROR: Spider error processing <GET https://cd.lianjia.com/zufang/CD2399010681237553152.html> (referer: https://cd.lianjia.com/zufang/jinjiang/pg2rp2)
Traceback (most recent call last):
  File "/Users/chumu/PycharmProjects/test/venv/lib/python3.6/site-packages/twisted/internet/defer.py", line 654, in _runCallbacks
    current.result = callback(current.result, *args, **kw)
  File "/Users/chumu/Desktop/myspider/Project/15-scrapy/num7_lianjia/num7_lianjia/spiders/lianjia.py", line 75, in detail_parse
    house_price = house_price[0] + '元/月'
IndexError: list index out of range
2019-11-29 15:19:30 [scrapy.core.scraper] ERROR: Spider error processing <GET https://cd.lianjia.com/zufang/CD2396286497054523392.html> (referer: https://cd.lianjia.com/zufang/jinjiang/pg2rp2)
Traceback (most recent call last):
  File "/Users/chumu/PycharmProjects/test/venv/lib/python3.6/site-packages/twisted/internet/defer.py", line 654, in _runCallbacks
    current.result = callback(current.result, *args, **kw)
  File "/Users/chumu/Desktop/myspider/Project/15-scrapy/num7_lianjia/num7_lianjia/spiders/lianjia.py", line 75, in detail_parse
    house_price = house_price[0] + '元/月'
IndexError: list index out of range
2019-11-29 15:19:30 [scrapy.core.scraper] ERROR: Spider error processing <GET https://cd.lianjia.com/zufang/CD2398571265104551936.html> (referer: https://cd.lianjia.com/zufang/jinjiang/pg2rp2)
Traceback (most recent call last):
  File "/Users/chumu/PycharmProjects/test/venv/lib/python3.6/site-packages/twisted/internet/defer.py", line 654, in _runCallbacks
    current.result = callback(current.result, *args, **kw)
  File "/Users/chumu/Desktop/myspider/Project/15-scrapy/num7_lianjia/num7_lianjia/spiders/lianjia.py", line 75, in detail_parse
    house_price = house_price[0] + '元/月'
IndexError: list index out of range
2019-11-29 15:19:32 [scrapy.core.scraper] ERROR: Spider error processing <GET https://cd.lianjia.com/zufang/CD2395559116652150784.html> (referer: https://cd.lianjia.com/zufang/jinjiang/pg2rp2)
Traceback (most recent call last):
  File "/Users/chumu/PycharmProjects/test/venv/lib/python3.6/site-packages/twisted/internet/defer.py", line 654, in _runCallbacks
    current.result = callback(current.result, *args, **kw)
  File "/Users/chumu/Desktop/myspider/Project/15-scrapy/num7_lianjia/num7_lianjia/spiders/lianjia.py", line 75, in detail_parse
    house_price = house_price[0] + '元/月'
IndexError: list index out of range
2019-11-29 15:19:33 [scrapy.core.scraper] ERROR: Spider error processing <GET https://cd.lianjia.com/zufang/CD2397067558970212352.html> (referer: https://cd.lianjia.com/zufang/jinjiang/pg2rp2)
Traceback (most recent call last):
  File "/Users/chumu/PycharmProjects/test/venv/lib/python3.6/site-packages/twisted/internet/defer.py", line 654, in _runCallbacks
    current.result = callback(current.result, *args, **kw)
  File "/Users/chumu/Desktop/myspider/Project/15-scrapy/num7_lianjia/num7_lianjia/spiders/lianjia.py", line 75, in detail_parse
    house_price = house_price[0] + '元/月'
IndexError: list index out of range
2019-11-29 15:19:33 [scrapy.core.scraper] ERROR: Spider error processing <GET https://cd.lianjia.com/zufang/CD2397004679751417856.html> (referer: https://cd.lianjia.com/zufang/jinjiang/pg2rp2)
Traceback (most recent call last):
  File "/Users/chumu/PycharmProjects/test/venv/lib/python3.6/site-packages/twisted/internet/defer.py", line 654, in _runCallbacks
    current.result = callback(current.result, *args, **kw)
  File "/Users/chumu/Desktop/myspider/Project/15-scrapy/num7_lianjia/num7_lianjia/spiders/lianjia.py", line 75, in detail_parse
    house_price = house_price[0] + '元/月'
IndexError: list index out of range
2019-11-29 15:19:34 [scrapy.core.scraper] ERROR: Spider error processing <GET https://cd.lianjia.com/zufang/CD2395637721331933184.html> (referer: https://cd.lianjia.com/zufang/jinjiang/pg2rp2)
Traceback (most recent call last):
  File "/Users/chumu/PycharmProjects/test/venv/lib/python3.6/site-packages/twisted/internet/defer.py", line 654, in _runCallbacks
    current.result = callback(current.result, *args, **kw)
  File "/Users/chumu/Desktop/myspider/Project/15-scrapy/num7_lianjia/num7_lianjia/spiders/lianjia.py", line 75, in detail_parse
    house_price = house_price[0] + '元/月'
IndexError: list index out of range
2019-11-29 15:19:34 [scrapy.core.scraper] ERROR: Spider error processing <GET https://cd.lianjia.com/zufang/CD2399177395870908416.html> (referer: https://cd.lianjia.com/zufang/jinjiang/pg2rp2)
Traceback (most recent call last):
  File "/Users/chumu/PycharmProjects/test/venv/lib/python3.6/site-packages/twisted/internet/defer.py", line 654, in _runCallbacks
    current.result = callback(current.result, *args, **kw)
  File "/Users/chumu/Desktop/myspider/Project/15-scrapy/num7_lianjia/num7_lianjia/spiders/lianjia.py", line 75, in detail_parse
    house_price = house_price[0] + '元/月'
IndexError: list index out of range
2019-11-29 15:19:34 [scrapy.core.scraper] ERROR: Spider error processing <GET https://cd.lianjia.com/zufang/CD2395623792484556800.html> (referer: https://cd.lianjia.com/zufang/jinjiang/pg2rp2)
Traceback (most recent call last):
  File "/Users/chumu/PycharmProjects/test/venv/lib/python3.6/site-packages/twisted/internet/defer.py", line 654, in _runCallbacks
    current.result = callback(current.result, *args, **kw)
  File "/Users/chumu/Desktop/myspider/Project/15-scrapy/num7_lianjia/num7_lianjia/spiders/lianjia.py", line 75, in detail_parse
    house_price = house_price[0] + '元/月'
IndexError: list index out of range
2019-11-29 15:19:35 [scrapy.core.scraper] ERROR: Spider error processing <GET https://cd.lianjia.com/zufang/CD2395691577595920384.html> (referer: https://cd.lianjia.com/zufang/jinjiang/pg2rp2)
Traceback (most recent call last):
  File "/Users/chumu/PycharmProjects/test/venv/lib/python3.6/site-packages/twisted/internet/defer.py", line 654, in _runCallbacks
    current.result = callback(current.result, *args, **kw)
  File "/Users/chumu/Desktop/myspider/Project/15-scrapy/num7_lianjia/num7_lianjia/spiders/lianjia.py", line 75, in detail_parse
    house_price = house_price[0] + '元/月'
IndexError: list index out of range
2019-11-29 15:19:35 [scrapy.core.scraper] ERROR: Spider error processing <GET https://cd.lianjia.com/zufang/CD2399911896943181824.html> (referer: https://cd.lianjia.com/zufang/jinjiang/pg2rp2)
Traceback (most recent call last):
  File "/Users/chumu/PycharmProjects/test/venv/lib/python3.6/site-packages/twisted/internet/defer.py", line 654, in _runCallbacks
    current.result = callback(current.result, *args, **kw)
  File "/Users/chumu/Desktop/myspider/Project/15-scrapy/num7_lianjia/num7_lianjia/spiders/lianjia.py", line 75, in detail_parse
    house_price = house_price[0] + '元/月'
IndexError: list index out of range
2019-11-29 15:19:36 [scrapy.core.scraper] ERROR: Spider error processing <GET https://cd.lianjia.com/zufang/CD2396406433982709760.html> (referer: https://cd.lianjia.com/zufang/jinjiang/pg2rp2)
Traceback (most recent call last):
  File "/Users/chumu/PycharmProjects/test/venv/lib/python3.6/site-packages/twisted/internet/defer.py", line 654, in _runCallbacks
    current.result = callback(current.result, *args, **kw)
  File "/Users/chumu/Desktop/myspider/Project/15-scrapy/num7_lianjia/num7_lianjia/spiders/lianjia.py", line 75, in detail_parse
    house_price = house_price[0] + '元/月'
IndexError: list index out of range
2019-11-29 15:19:39 [scrapy.core.scraper] ERROR: Spider error processing <GET https://cd.lianjia.com/zufang/CD2395632950076252160.html> (referer: https://cd.lianjia.com/zufang/jinjiang/pg2rp2)
Traceback (most recent call last):
  File "/Users/chumu/PycharmProjects/test/venv/lib/python3.6/site-packages/twisted/internet/defer.py", line 654, in _runCallbacks
    current.result = callback(current.result, *args, **kw)
  File "/Users/chumu/Desktop/myspider/Project/15-scrapy/num7_lianjia/num7_lianjia/spiders/lianjia.py", line 75, in detail_parse
    house_price = house_price[0] + '元/月'
IndexError: list index out of range
2019-11-29 15:19:39 [scrapy.core.scraper] ERROR: Spider error processing <GET https://cd.lianjia.com/zufang/CD2396242537418326016.html> (referer: https://cd.lianjia.com/zufang/jinjiang/pg2rp2)
Traceback (most recent call last):
  File "/Users/chumu/PycharmProjects/test/venv/lib/python3.6/site-packages/twisted/internet/defer.py", line 654, in _runCallbacks
    current.result = callback(current.result, *args, **kw)
  File "/Users/chumu/Desktop/myspider/Project/15-scrapy/num7_lianjia/num7_lianjia/spiders/lianjia.py", line 75, in detail_parse
    house_price = house_price[0] + '元/月'
IndexError: list index out of range
2019-11-29 15:19:40 [scrapy.core.scraper] ERROR: Spider error processing <GET https://cd.lianjia.com/zufang/CD2396173660907388928.html> (referer: https://cd.lianjia.com/zufang/jinjiang/pg2rp2)
Traceback (most recent call last):
  File "/Users/chumu/PycharmProjects/test/venv/lib/python3.6/site-packages/twisted/internet/defer.py", line 654, in _runCallbacks
    current.result = callback(current.result, *args, **kw)
  File "/Users/chumu/Desktop/myspider/Project/15-scrapy/num7_lianjia/num7_lianjia/spiders/lianjia.py", line 75, in detail_parse
    house_price = house_price[0] + '元/月'
IndexError: list index out of range
2019-11-29 15:19:41 [scrapy.core.scraper] ERROR: Spider error processing <GET https://cd.lianjia.com/zufang/CD2380890539794112512.html> (referer: https://cd.lianjia.com/zufang/jinjiang/pg2rp2)
Traceback (most recent call last):
  File "/Users/chumu/PycharmProjects/test/venv/lib/python3.6/site-packages/twisted/internet/defer.py", line 654, in _runCallbacks
    current.result = callback(current.result, *args, **kw)
  File "/Users/chumu/Desktop/myspider/Project/15-scrapy/num7_lianjia/num7_lianjia/spiders/lianjia.py", line 75, in detail_parse
    house_price = house_price[0] + '元/月'
IndexError: list index out of range
2019-11-29 15:19:41 [scrapy.core.scraper] ERROR: Spider error processing <GET https://cd.lianjia.com/zufang/CD2389001339100741632.html> (referer: https://cd.lianjia.com/zufang/jinjiang/pg2rp2)
Traceback (most recent call last):
  File "/Users/chumu/PycharmProjects/test/venv/lib/python3.6/site-packages/twisted/internet/defer.py", line 654, in _runCallbacks
    current.result = callback(current.result, *args, **kw)
  File "/Users/chumu/Desktop/myspider/Project/15-scrapy/num7_lianjia/num7_lianjia/spiders/lianjia.py", line 75, in detail_parse
    house_price = house_price[0] + '元/月'
IndexError: list index out of range
2019-11-29 15:19:42 [scrapy.core.scraper] ERROR: Spider error processing <GET https://cd.lianjia.com/zufang/CD2338431442478178304.html> (referer: https://cd.lianjia.com/zufang/jinjiang/pg2rp2)
Traceback (most recent call last):
  File "/Users/chumu/PycharmProjects/test/venv/lib/python3.6/site-packages/twisted/internet/defer.py", line 654, in _runCallbacks
    current.result = callback(current.result, *args, **kw)
  File "/Users/chumu/Desktop/myspider/Project/15-scrapy/num7_lianjia/num7_lianjia/spiders/lianjia.py", line 75, in detail_parse
    house_price = house_price[0] + '元/月'
IndexError: list index out of range
2019-11-29 15:19:42 [scrapy.core.scraper] ERROR: Spider error processing <GET https://cd.lianjia.com/zufang/CD2398994690469789696.html> (referer: https://cd.lianjia.com/zufang/jinjiang/pg2rp2)
Traceback (most recent call last):
  File "/Users/chumu/PycharmProjects/test/venv/lib/python3.6/site-packages/twisted/internet/defer.py", line 654, in _runCallbacks
    current.result = callback(current.result, *args, **kw)
  File "/Users/chumu/Desktop/myspider/Project/15-scrapy/num7_lianjia/num7_lianjia/spiders/lianjia.py", line 75, in detail_parse
    house_price = house_price[0] + '元/月'
IndexError: list index out of range
2019-11-29 15:19:42 [scrapy.core.scraper] ERROR: Spider error processing <GET https://cd.lianjia.com/zufang/CD2399177397414141952.html> (referer: https://cd.lianjia.com/zufang/jinjiang/pg2rp2)
Traceback (most recent call last):
  File "/Users/chumu/PycharmProjects/test/venv/lib/python3.6/site-packages/twisted/internet/defer.py", line 654, in _runCallbacks
    current.result = callback(current.result, *args, **kw)
  File "/Users/chumu/Desktop/myspider/Project/15-scrapy/num7_lianjia/num7_lianjia/spiders/lianjia.py", line 75, in detail_parse
    house_price = house_price[0] + '元/月'
IndexError: list index out of range
2019-11-29 15:19:42 [scrapy.core.scraper] ERROR: Spider error processing <GET https://cd.lianjia.com/zufang/CD2399214860694470656.html> (referer: https://cd.lianjia.com/zufang/jinjiang/pg2rp2)
Traceback (most recent call last):
  File "/Users/chumu/PycharmProjects/test/venv/lib/python3.6/site-packages/twisted/internet/defer.py", line 654, in _runCallbacks
    current.result = callback(current.result, *args, **kw)
  File "/Users/chumu/Desktop/myspider/Project/15-scrapy/num7_lianjia/num7_lianjia/spiders/lianjia.py", line 75, in detail_parse
    house_price = house_price[0] + '元/月'
IndexError: list index out of range
2019-11-29 15:19:42 [scrapy.core.scraper] ERROR: Spider error processing <GET https://cd.lianjia.com/zufang/CD2393937590538469376.html> (referer: https://cd.lianjia.com/zufang/jinjiang/pg2rp2)
Traceback (most recent call last):
  File "/Users/chumu/PycharmProjects/test/venv/lib/python3.6/site-packages/twisted/internet/defer.py", line 654, in _runCallbacks
    current.result = callback(current.result, *args, **kw)
  File "/Users/chumu/Desktop/myspider/Project/15-scrapy/num7_lianjia/num7_lianjia/spiders/lianjia.py", line 75, in detail_parse
    house_price = house_price[0] + '元/月'
IndexError: list index out of range
2019-11-29 15:19:42 [scrapy.core.scraper] ERROR: Spider error processing <GET https://cd.lianjia.com/zufang/CD2399795464791654400.html> (referer: https://cd.lianjia.com/zufang/jinjiang/pg2rp2)
Traceback (most recent call last):
  File "/Users/chumu/PycharmProjects/test/venv/lib/python3.6/site-packages/twisted/internet/defer.py", line 654, in _runCallbacks
    current.result = callback(current.result, *args, **kw)
  File "/Users/chumu/Desktop/myspider/Project/15-scrapy/num7_lianjia/num7_lianjia/spiders/lianjia.py", line 75, in detail_parse
    house_price = house_price[0] + '元/月'
IndexError: list index out of range
2019-11-29 15:19:42 [scrapy.core.scraper] ERROR: Spider error processing <GET https://cd.lianjia.com/zufang/CD2397619087506685952.html> (referer: https://cd.lianjia.com/zufang/jinjiang/pg2rp2)
Traceback (most recent call last):
  File "/Users/chumu/PycharmProjects/test/venv/lib/python3.6/site-packages/twisted/internet/defer.py", line 654, in _runCallbacks
    current.result = callback(current.result, *args, **kw)
  File "/Users/chumu/Desktop/myspider/Project/15-scrapy/num7_lianjia/num7_lianjia/spiders/lianjia.py", line 75, in detail_parse
    house_price = house_price[0] + '元/月'
IndexError: list index out of range
2019-11-29 15:19:42 [scrapy.core.scraper] ERROR: Spider error processing <GET https://cd.lianjia.com/zufang/CD2399893039100739584.html> (referer: https://cd.lianjia.com/zufang/jinjiang/pg2rp2)
Traceback (most recent call last):
  File "/Users/chumu/PycharmProjects/test/venv/lib/python3.6/site-packages/twisted/internet/defer.py", line 654, in _runCallbacks
    current.result = callback(current.result, *args, **kw)
  File "/Users/chumu/Desktop/myspider/Project/15-scrapy/num7_lianjia/num7_lianjia/spiders/lianjia.py", line 75, in detail_parse
    house_price = house_price[0] + '元/月'
IndexError: list index out of range
2019-11-29 15:19:42 [scrapy.core.scraper] ERROR: Spider error processing <GET https://cd.lianjia.com/zufang/CD2389633383132037120.html> (referer: https://cd.lianjia.com/zufang/jinjiang/pg2rp2)
Traceback (most recent call last):
  File "/Users/chumu/PycharmProjects/test/venv/lib/python3.6/site-packages/twisted/internet/defer.py", line 654, in _runCallbacks
    current.result = callback(current.result, *args, **kw)
  File "/Users/chumu/Desktop/myspider/Project/15-scrapy/num7_lianjia/num7_lianjia/spiders/lianjia.py", line 75, in detail_parse
    house_price = house_price[0] + '元/月'
IndexError: list index out of range
2019-11-29 15:19:42 [scrapy.core.scraper] ERROR: Spider error processing <GET https://cd.lianjia.com/zufang/CD2315957629605912576.html> (referer: https://cd.lianjia.com/zufang/jinjiang/pg2rp2)
Traceback (most recent call last):
  File "/Users/chumu/PycharmProjects/test/venv/lib/python3.6/site-packages/twisted/internet/defer.py", line 654, in _runCallbacks
    current.result = callback(current.result, *args, **kw)
  File "/Users/chumu/Desktop/myspider/Project/15-scrapy/num7_lianjia/num7_lianjia/spiders/lianjia.py", line 75, in detail_parse
    house_price = house_price[0] + '元/月'
IndexError: list index out of range
2019-11-29 16:07:18 [scrapy.core.scraper] ERROR: Error processing {'house_href': 'https://cd.lianjia.com/zufang/CD2396367660091973632.html',
 'house_imagdir': 'lianjia/整租·蓝润V客东都二期1室1厅南',
 'house_name': '锦江-三圣乡-蓝润V客东都二期',
 'house_num': 'CD2396367660091973632',
 'house_price': '1439元/月',
 'house_size': '略',
 'house_style': '未知',
 'house_ting': '略',
 'house_title': '整租·蓝润V客东都二期1室1厅南',
 'house_toword': '略'}
Traceback (most recent call last):
  File "/Users/chumu/PycharmProjects/test/venv/lib/python3.6/site-packages/twisted/internet/defer.py", line 654, in _runCallbacks
    current.result = callback(current.result, *args, **kw)
  File "/Users/chumu/Desktop/myspider/Project/15-scrapy/num7_lianjia/num7_lianjia/pipelines.py", line 20, in process_item
    str = json.dump(dict(item), ensure_ascii=False)
TypeError: dump() missing 1 required positional argument: 'fp'
2019-11-29 16:07:18 [scrapy.core.scraper] ERROR: Error processing {'house_href': 'https://cd.lianjia.com/zufang/CD2399432637220929536.html',
 'house_imagdir': 'lianjia/合租·望江橡树林一期4居室西卧',
 'house_name': '锦江-三官堂-望江橡树林一期',
 'house_num': 'CD2399432637220929536',
 'house_price': '1360元/月',
 'house_size': '略',
 'house_style': '未知',
 'house_ting': '略',
 'house_title': '合租·望江橡树林一期4居室西卧',
 'house_toword': '略'}
Traceback (most recent call last):
  File "/Users/chumu/PycharmProjects/test/venv/lib/python3.6/site-packages/twisted/internet/defer.py", line 654, in _runCallbacks
    current.result = callback(current.result, *args, **kw)
  File "/Users/chumu/Desktop/myspider/Project/15-scrapy/num7_lianjia/num7_lianjia/pipelines.py", line 20, in process_item
    str = json.dump(dict(item), ensure_ascii=False)
TypeError: dump() missing 1 required positional argument: 'fp'
2019-11-29 16:07:22 [scrapy.core.scraper] ERROR: Error processing {'house_href': 'https://cd.lianjia.com/zufang/CD2395618135047938048.html',
 'house_imagdir': 'lianjia/整租·长城锦苑1室0厅东南',
 'house_name': '锦江-红星路-长城锦苑',
 'house_num': 'CD2395618135047938048',
 'house_price': '1200元/月',
 'house_size': '略',
 'house_style': '未知',
 'house_ting': '略',
 'house_title': '整租·长城锦苑1室0厅东南',
 'house_toword': '略'}
Traceback (most recent call last):
  File "/Users/chumu/PycharmProjects/test/venv/lib/python3.6/site-packages/twisted/internet/defer.py", line 654, in _runCallbacks
    current.result = callback(current.result, *args, **kw)
  File "/Users/chumu/Desktop/myspider/Project/15-scrapy/num7_lianjia/num7_lianjia/pipelines.py", line 20, in process_item
    str = json.dump(dict(item), ensure_ascii=False)
TypeError: dump() missing 1 required positional argument: 'fp'
2019-11-29 16:07:22 [scrapy.core.scraper] ERROR: Error processing {'house_href': 'https://cd.lianjia.com/zufang/CD2399010681237553152.html',
 'house_imagdir': 'lianjia/整租·缤舍1室0厅南',
 'house_name': '锦江-盐市口-缤舍',
 'house_num': 'CD2399010681237553152',
 'house_price': '1400元/月',
 'house_size': '略',
 'house_style': '未知',
 'house_ting': '略',
 'house_title': '整租·缤舍1室0厅南',
 'house_toword': '略'}
Traceback (most recent call last):
  File "/Users/chumu/PycharmProjects/test/venv/lib/python3.6/site-packages/twisted/internet/defer.py", line 654, in _runCallbacks
    current.result = callback(current.result, *args, **kw)
  File "/Users/chumu/Desktop/myspider/Project/15-scrapy/num7_lianjia/num7_lianjia/pipelines.py", line 20, in process_item
    str = json.dump(dict(item), ensure_ascii=False)
TypeError: dump() missing 1 required positional argument: 'fp'
2019-11-29 16:07:23 [scrapy.core.scraper] ERROR: Error processing {'house_href': 'https://cd.lianjia.com/zufang/CD2396286497054523392.html',
 'house_imagdir': 'lianjia/整租·锦江城市花园三期2室1厅东南',
 'house_name': '锦江-三圣乡-锦江城市花园三期',
 'house_num': 'CD2396286497054523392',
 'house_price': '1500元/月',
 'house_size': '略',
 'house_style': '未知',
 'house_ting': '略',
 'house_title': '整租·锦江城市花园三期2室1厅东南',
 'house_toword': '略'}
Traceback (most recent call last):
  File "/Users/chumu/PycharmProjects/test/venv/lib/python3.6/site-packages/twisted/internet/defer.py", line 654, in _runCallbacks
    current.result = callback(current.result, *args, **kw)
  File "/Users/chumu/Desktop/myspider/Project/15-scrapy/num7_lianjia/num7_lianjia/pipelines.py", line 20, in process_item
    str = json.dump(dict(item), ensure_ascii=False)
TypeError: dump() missing 1 required positional argument: 'fp'
2019-11-29 16:07:23 [scrapy.core.scraper] ERROR: Error processing {'house_href': 'https://cd.lianjia.com/zufang/CD2398571265104551936.html',
 'house_imagdir': 'lianjia/合租·蓉上坊二期4居室东南卧',
 'house_name': '锦江-合江亭-蓉上坊二期',
 'house_num': 'CD2398571265104551936',
 'house_price': '1100元/月',
 'house_size': '略',
 'house_style': '未知',
 'house_ting': '略',
 'house_title': '合租·蓉上坊二期4居室东南卧',
 'house_toword': '略'}
Traceback (most recent call last):
  File "/Users/chumu/PycharmProjects/test/venv/lib/python3.6/site-packages/twisted/internet/defer.py", line 654, in _runCallbacks
    current.result = callback(current.result, *args, **kw)
  File "/Users/chumu/Desktop/myspider/Project/15-scrapy/num7_lianjia/num7_lianjia/pipelines.py", line 20, in process_item
    str = json.dump(dict(item), ensure_ascii=False)
TypeError: dump() missing 1 required positional argument: 'fp'
2019-11-29 16:07:24 [scrapy.core.scraper] ERROR: Error processing {'house_href': 'https://cd.lianjia.com/zufang/CD2395559116652150784.html',
 'house_imagdir': 'lianjia/整租·东四街141号1室1厅东南/南',
 'house_name': '锦江-九眼桥-东四街141号',
 'house_num': 'CD2395559116652150784',
 'house_price': '1500元/月',
 'house_size': '略',
 'house_style': '未知',
 'house_ting': '略',
 'house_title': '整租·东四街141号1室1厅东南/南',
 'house_toword': '略'}
Traceback (most recent call last):
  File "/Users/chumu/PycharmProjects/test/venv/lib/python3.6/site-packages/twisted/internet/defer.py", line 654, in _runCallbacks
    current.result = callback(current.result, *args, **kw)
  File "/Users/chumu/Desktop/myspider/Project/15-scrapy/num7_lianjia/num7_lianjia/pipelines.py", line 20, in process_item
    str = json.dump(dict(item), ensure_ascii=False)
TypeError: dump() missing 1 required positional argument: 'fp'
2019-11-29 16:07:27 [scrapy.core.scraper] ERROR: Error processing {'house_href': 'https://cd.lianjia.com/zufang/CD2397004679751417856.html',
 'house_imagdir': 'lianjia/合租·蜀都花园1居室东南卧',
 'house_name': '锦江-水碾河-蜀都花园',
 'house_num': 'CD2397004679751417856',
 'house_price': '1050元/月',
 'house_size': '略',
 'house_style': '未知',
 'house_ting': '略',
 'house_title': '合租·蜀都花园1居室东南卧',
 'house_toword': '略'}
Traceback (most recent call last):
  File "/Users/chumu/PycharmProjects/test/venv/lib/python3.6/site-packages/twisted/internet/defer.py", line 654, in _runCallbacks
    current.result = callback(current.result, *args, **kw)
  File "/Users/chumu/Desktop/myspider/Project/15-scrapy/num7_lianjia/num7_lianjia/pipelines.py", line 20, in process_item
    str = json.dump(dict(item), ensure_ascii=False)
TypeError: dump() missing 1 required positional argument: 'fp'
2019-11-29 16:07:27 [scrapy.core.scraper] ERROR: Error processing {'house_href': 'https://cd.lianjia.com/zufang/CD2397067558970212352.html',
 'house_imagdir': 'lianjia/整租·蜀都花园1室0厅西南',
 'house_name': '锦江-水碾河-蜀都花园',
 'house_num': 'CD2397067558970212352',
 'house_price': '1200元/月',
 'house_size': '略',
 'house_style': '未知',
 'house_ting': '略',
 'house_title': '整租·蜀都花园1室0厅西南',
 'house_toword': '略'}
Traceback (most recent call last):
  File "/Users/chumu/PycharmProjects/test/venv/lib/python3.6/site-packages/twisted/internet/defer.py", line 654, in _runCallbacks
    current.result = callback(current.result, *args, **kw)
  File "/Users/chumu/Desktop/myspider/Project/15-scrapy/num7_lianjia/num7_lianjia/pipelines.py", line 20, in process_item
    str = json.dump(dict(item), ensure_ascii=False)
TypeError: dump() missing 1 required positional argument: 'fp'
2019-11-29 16:07:28 [scrapy.core.scraper] ERROR: Error processing {'house_href': 'https://cd.lianjia.com/zufang/CD2395637721331933184.html',
 'house_imagdir': 'lianjia/整租·江东民居一区2室1厅东南',
 'house_name': '锦江-攀成钢-江东民居一区',
 'house_num': 'CD2395637721331933184',
 'house_price': '1200元/月',
 'house_size': '略',
 'house_style': '未知',
 'house_ting': '略',
 'house_title': '整租·江东民居一区2室1厅东南',
 'house_toword': '略'}
Traceback (most recent call last):
  File "/Users/chumu/PycharmProjects/test/venv/lib/python3.6/site-packages/twisted/internet/defer.py", line 654, in _runCallbacks
    current.result = callback(current.result, *args, **kw)
  File "/Users/chumu/Desktop/myspider/Project/15-scrapy/num7_lianjia/num7_lianjia/pipelines.py", line 20, in process_item
    str = json.dump(dict(item), ensure_ascii=False)
TypeError: dump() missing 1 required positional argument: 'fp'
2019-11-29 16:07:28 [scrapy.core.scraper] ERROR: Error processing {'house_href': 'https://cd.lianjia.com/zufang/CD2395623792484556800.html',
 'house_imagdir': 'lianjia/整租·钢管厂五区2室1厅东南',
 'house_name': '锦江-莲花-钢管厂五区',
 'house_num': 'CD2395623792484556800',
 'house_price': '1200元/月',
 'house_size': '略',
 'house_style': '未知',
 'house_ting': '略',
 'house_title': '整租·钢管厂五区2室1厅东南',
 'house_toword': '略'}
Traceback (most recent call last):
  File "/Users/chumu/PycharmProjects/test/venv/lib/python3.6/site-packages/twisted/internet/defer.py", line 654, in _runCallbacks
    current.result = callback(current.result, *args, **kw)
  File "/Users/chumu/Desktop/myspider/Project/15-scrapy/num7_lianjia/num7_lianjia/pipelines.py", line 20, in process_item
    str = json.dump(dict(item), ensure_ascii=False)
TypeError: dump() missing 1 required positional argument: 'fp'
2019-11-29 16:07:28 [scrapy.core.scraper] ERROR: Error processing {'house_href': 'https://cd.lianjia.com/zufang/CD2399177395870908416.html',
 'house_imagdir': 'lianjia/合租·中港CCPARK4居室南卧',
 'house_name': '锦江-东湖-中港CCPARK',
 'house_num': 'CD2399177395870908416',
 'house_price': '1350元/月',
 'house_size': '略',
 'house_style': '未知',
 'house_ting': '略',
 'house_title': '合租·中港CCPARK4居室南卧',
 'house_toword': '略'}
Traceback (most recent call last):
  File "/Users/chumu/PycharmProjects/test/venv/lib/python3.6/site-packages/twisted/internet/defer.py", line 654, in _runCallbacks
    current.result = callback(current.result, *args, **kw)
  File "/Users/chumu/Desktop/myspider/Project/15-scrapy/num7_lianjia/num7_lianjia/pipelines.py", line 20, in process_item
    str = json.dump(dict(item), ensure_ascii=False)
TypeError: dump() missing 1 required positional argument: 'fp'
2019-11-29 16:07:29 [scrapy.core.scraper] ERROR: Error processing {'house_href': 'https://cd.lianjia.com/zufang/CD2395691577595920384.html',
 'house_imagdir': 'lianjia/合租·大观祥苑1居室东南卧',
 'house_name': '锦江-川师-大观祥苑',
 'house_num': 'CD2395691577595920384',
 'house_price': '1200元/月',
 'house_size': '略',
 'house_style': '未知',
 'house_ting': '略',
 'house_title': '合租·大观祥苑1居室东南卧',
 'house_toword': '略'}
Traceback (most recent call last):
  File "/Users/chumu/PycharmProjects/test/venv/lib/python3.6/site-packages/twisted/internet/defer.py", line 654, in _runCallbacks
    current.result = callback(current.result, *args, **kw)
  File "/Users/chumu/Desktop/myspider/Project/15-scrapy/num7_lianjia/num7_lianjia/pipelines.py", line 20, in process_item
    str = json.dump(dict(item), ensure_ascii=False)
TypeError: dump() missing 1 required positional argument: 'fp'
2019-11-29 16:07:29 [scrapy.core.scraper] ERROR: Error processing {'house_href': 'https://cd.lianjia.com/zufang/CD2399911896943181824.html',
 'house_imagdir': 'lianjia/合租·中港CCPARK4居室南卧',
 'house_name': '锦江-东湖-中港CCPARK',
 'house_num': 'CD2399911896943181824',
 'house_price': '1100元/月',
 'house_size': '略',
 'house_style': '未知',
 'house_ting': '略',
 'house_title': '合租·中港CCPARK4居室南卧',
 'house_toword': '略'}
Traceback (most recent call last):
  File "/Users/chumu/PycharmProjects/test/venv/lib/python3.6/site-packages/twisted/internet/defer.py", line 654, in _runCallbacks
    current.result = callback(current.result, *args, **kw)
  File "/Users/chumu/Desktop/myspider/Project/15-scrapy/num7_lianjia/num7_lianjia/pipelines.py", line 20, in process_item
    str = json.dump(dict(item), ensure_ascii=False)
TypeError: dump() missing 1 required positional argument: 'fp'
2019-11-29 16:07:30 [scrapy.core.scraper] ERROR: Error processing {'house_href': 'https://cd.lianjia.com/zufang/CD2396406433982709760.html',
 'house_imagdir': 'lianjia/整租·冻青树街38号1室0厅南',
 'house_name': '锦江-盐市口-冻青树街38号',
 'house_num': 'CD2396406433982709760',
 'house_price': '1000元/月',
 'house_size': '略',
 'house_style': '未知',
 'house_ting': '略',
 'house_title': '整租·冻青树街38号1室0厅南',
 'house_toword': '略'}
Traceback (most recent call last):
  File "/Users/chumu/PycharmProjects/test/venv/lib/python3.6/site-packages/twisted/internet/defer.py", line 654, in _runCallbacks
    current.result = callback(current.result, *args, **kw)
  File "/Users/chumu/Desktop/myspider/Project/15-scrapy/num7_lianjia/num7_lianjia/pipelines.py", line 20, in process_item
    str = json.dump(dict(item), ensure_ascii=False)
TypeError: dump() missing 1 required positional argument: 'fp'
2019-11-29 16:07:31 [scrapy.core.scraper] ERROR: Error processing {'house_href': 'https://cd.lianjia.com/zufang/CD2395632950076252160.html',
 'house_imagdir': 'lianjia/整租·东景雅苑1室0厅东',
 'house_name': '锦江-莲花-东景雅苑',
 'house_num': 'CD2395632950076252160',
 'house_price': '1100元/月',
 'house_size': '略',
 'house_style': '未知',
 'house_ting': '略',
 'house_title': '整租·东景雅苑1室0厅东',
 'house_toword': '略'}
Traceback (most recent call last):
  File "/Users/chumu/PycharmProjects/test/venv/lib/python3.6/site-packages/twisted/internet/defer.py", line 654, in _runCallbacks
    current.result = callback(current.result, *args, **kw)
  File "/Users/chumu/Desktop/myspider/Project/15-scrapy/num7_lianjia/num7_lianjia/pipelines.py", line 20, in process_item
    str = json.dump(dict(item), ensure_ascii=False)
TypeError: dump() missing 1 required positional argument: 'fp'
2019-11-29 16:07:31 [scrapy.core.scraper] ERROR: Error processing {'house_href': 'https://cd.lianjia.com/zufang/CD2396242537418326016.html',
 'house_imagdir': 'lianjia/整租·金泉街48号1室0厅东南',
 'house_name': '锦江-合江亭-金泉街48号',
 'house_num': 'CD2396242537418326016',
 'house_price': '1150元/月',
 'house_size': '略',
 'house_style': '未知',
 'house_ting': '略',
 'house_title': '整租·金泉街48号1室0厅东南',
 'house_toword': '略'}
Traceback (most recent call last):
  File "/Users/chumu/PycharmProjects/test/venv/lib/python3.6/site-packages/twisted/internet/defer.py", line 654, in _runCallbacks
    current.result = callback(current.result, *args, **kw)
  File "/Users/chumu/Desktop/myspider/Project/15-scrapy/num7_lianjia/num7_lianjia/pipelines.py", line 20, in process_item
    str = json.dump(dict(item), ensure_ascii=False)
TypeError: dump() missing 1 required positional argument: 'fp'
2019-11-29 16:07:32 [scrapy.core.scraper] ERROR: Error processing {'house_href': 'https://cd.lianjia.com/zufang/CD2396173660907388928.html',
 'house_imagdir': 'lianjia/整租·水碾河路6号2室2厅东南',
 'house_name': '锦江-水碾河-水碾河路6号',
 'house_num': 'CD2396173660907388928',
 'house_price': '1500元/月',
 'house_size': '略',
 'house_style': '未知',
 'house_ting': '略',
 'house_title': '整租·水碾河路6号2室2厅东南',
 'house_toword': '略'}
Traceback (most recent call last):
  File "/Users/chumu/PycharmProjects/test/venv/lib/python3.6/site-packages/twisted/internet/defer.py", line 654, in _runCallbacks
    current.result = callback(current.result, *args, **kw)
  File "/Users/chumu/Desktop/myspider/Project/15-scrapy/num7_lianjia/num7_lianjia/pipelines.py", line 20, in process_item
    str = json.dump(dict(item), ensure_ascii=False)
TypeError: dump() missing 1 required positional argument: 'fp'
2019-11-29 16:07:33 [scrapy.core.scraper] ERROR: Error processing {'house_href': 'https://cd.lianjia.com/zufang/CD2389001339100741632.html',
 'house_imagdir': 'lianjia/整租·水碾河路6号2室1厅南',
 'house_name': '锦江-水碾河-水碾河路6号',
 'house_num': 'CD2389001339100741632',
 'house_price': '1200元/月',
 'house_size': '略',
 'house_style': '未知',
 'house_ting': '略',
 'house_title': '整租·水碾河路6号2室1厅南',
 'house_toword': '略'}
Traceback (most recent call last):
  File "/Users/chumu/PycharmProjects/test/venv/lib/python3.6/site-packages/twisted/internet/defer.py", line 654, in _runCallbacks
    current.result = callback(current.result, *args, **kw)
  File "/Users/chumu/Desktop/myspider/Project/15-scrapy/num7_lianjia/num7_lianjia/pipelines.py", line 20, in process_item
    str = json.dump(dict(item), ensure_ascii=False)
TypeError: dump() missing 1 required positional argument: 'fp'
2019-11-29 16:07:33 [scrapy.core.scraper] ERROR: Error processing {'house_href': 'https://cd.lianjia.com/zufang/CD2380890539794112512.html',
 'house_imagdir': 'lianjia/整租·磨房街30号1室0厅东',
 'house_name': '锦江-合江亭-磨房街30号',
 'house_num': 'CD2380890539794112512',
 'house_price': '1300元/月',
 'house_size': '略',
 'house_style': '未知',
 'house_ting': '略',
 'house_title': '整租·磨房街30号1室0厅东',
 'house_toword': '略'}
Traceback (most recent call last):
  File "/Users/chumu/PycharmProjects/test/venv/lib/python3.6/site-packages/twisted/internet/defer.py", line 654, in _runCallbacks
    current.result = callback(current.result, *args, **kw)
  File "/Users/chumu/Desktop/myspider/Project/15-scrapy/num7_lianjia/num7_lianjia/pipelines.py", line 20, in process_item
    str = json.dump(dict(item), ensure_ascii=False)
TypeError: dump() missing 1 required positional argument: 'fp'
2019-11-29 16:07:33 [scrapy.core.scraper] ERROR: Error processing {'house_href': 'https://cd.lianjia.com/zufang/CD2338431442478178304.html',
 'house_imagdir': 'lianjia/整租·粼江峰阁1室0厅东南/南',
 'house_name': '锦江-九眼桥-粼江峰阁',
 'house_num': 'CD2338431442478178304',
 'house_price': '1300元/月',
 'house_size': '略',
 'house_style': '未知',
 'house_ting': '略',
 'house_title': '整租·粼江峰阁1室0厅东南/南',
 'house_toword': '略'}
Traceback (most recent call last):
  File "/Users/chumu/PycharmProjects/test/venv/lib/python3.6/site-packages/twisted/internet/defer.py", line 654, in _runCallbacks
    current.result = callback(current.result, *args, **kw)
  File "/Users/chumu/Desktop/myspider/Project/15-scrapy/num7_lianjia/num7_lianjia/pipelines.py", line 20, in process_item
    str = json.dump(dict(item), ensure_ascii=False)
TypeError: dump() missing 1 required positional argument: 'fp'
2019-11-29 16:07:33 [scrapy.core.scraper] ERROR: Error processing {'house_href': 'https://cd.lianjia.com/zufang/CD2398994690469789696.html',
 'house_imagdir': 'lianjia/合租·中港CCPARK4居室南卧',
 'house_name': '锦江-东湖-中港CCPARK',
 'house_num': 'CD2398994690469789696',
 'house_price': '1000元/月',
 'house_size': '略',
 'house_style': '未知',
 'house_ting': '略',
 'house_title': '合租·中港CCPARK4居室南卧',
 'house_toword': '略'}
Traceback (most recent call last):
  File "/Users/chumu/PycharmProjects/test/venv/lib/python3.6/site-packages/twisted/internet/defer.py", line 654, in _runCallbacks
    current.result = callback(current.result, *args, **kw)
  File "/Users/chumu/Desktop/myspider/Project/15-scrapy/num7_lianjia/num7_lianjia/pipelines.py", line 20, in process_item
    str = json.dump(dict(item), ensure_ascii=False)
TypeError: dump() missing 1 required positional argument: 'fp'
2019-11-29 16:07:33 [scrapy.core.scraper] ERROR: Error processing {'house_href': 'https://cd.lianjia.com/zufang/CD2393937590538469376.html',
 'house_imagdir': 'lianjia/整租·大观苑二期1室1厅南',
 'house_name': '锦江-蓝谷地-大观苑二期',
 'house_num': 'CD2393937590538469376',
 'house_price': '1300元/月',
 'house_size': '略',
 'house_style': '未知',
 'house_ting': '略',
 'house_title': '整租·大观苑二期1室1厅南',
 'house_toword': '略'}
Traceback (most recent call last):
  File "/Users/chumu/PycharmProjects/test/venv/lib/python3.6/site-packages/twisted/internet/defer.py", line 654, in _runCallbacks
    current.result = callback(current.result, *args, **kw)
  File "/Users/chumu/Desktop/myspider/Project/15-scrapy/num7_lianjia/num7_lianjia/pipelines.py", line 20, in process_item
    str = json.dump(dict(item), ensure_ascii=False)
TypeError: dump() missing 1 required positional argument: 'fp'
2019-11-29 16:07:33 [scrapy.core.scraper] ERROR: Error processing {'house_href': 'https://cd.lianjia.com/zufang/CD2399795464791654400.html',
 'house_imagdir': 'lianjia/合租·中新街70号4居室南卧',
 'house_name': '锦江-盐市口-中新街70号',
 'house_num': 'CD2399795464791654400',
 'house_price': '1290元/月',
 'house_size': '略',
 'house_style': '未知',
 'house_ting': '略',
 'house_title': '合租·中新街70号4居室南卧',
 'house_toword': '略'}
Traceback (most recent call last):
  File "/Users/chumu/PycharmProjects/test/venv/lib/python3.6/site-packages/twisted/internet/defer.py", line 654, in _runCallbacks
    current.result = callback(current.result, *args, **kw)
  File "/Users/chumu/Desktop/myspider/Project/15-scrapy/num7_lianjia/num7_lianjia/pipelines.py", line 20, in process_item
    str = json.dump(dict(item), ensure_ascii=False)
TypeError: dump() missing 1 required positional argument: 'fp'
2019-11-29 16:07:33 [scrapy.core.scraper] ERROR: Error processing {'house_href': 'https://cd.lianjia.com/zufang/CD2399177397414141952.html',
 'house_imagdir': 'lianjia/合租·中港CCPARK4居室北卧',
 'house_name': '锦江-东湖-中港CCPARK',
 'house_num': 'CD2399177397414141952',
 'house_price': '1080元/月',
 'house_size': '略',
 'house_style': '未知',
 'house_ting': '略',
 'house_title': '合租·中港CCPARK4居室北卧',
 'house_toword': '略'}
Traceback (most recent call last):
  File "/Users/chumu/PycharmProjects/test/venv/lib/python3.6/site-packages/twisted/internet/defer.py", line 654, in _runCallbacks
    current.result = callback(current.result, *args, **kw)
  File "/Users/chumu/Desktop/myspider/Project/15-scrapy/num7_lianjia/num7_lianjia/pipelines.py", line 20, in process_item
    str = json.dump(dict(item), ensure_ascii=False)
TypeError: dump() missing 1 required positional argument: 'fp'
2019-11-29 16:07:33 [scrapy.core.scraper] ERROR: Error processing {'house_href': 'https://cd.lianjia.com/zufang/CD2399893039100739584.html',
 'house_imagdir': 'lianjia/合租·芷泉公寓5居室西南卧',
 'house_name': '锦江-合江亭-芷泉公寓',
 'house_num': 'CD2399893039100739584',
 'house_price': '1000元/月',
 'house_size': '略',
 'house_style': '未知',
 'house_ting': '略',
 'house_title': '合租·芷泉公寓5居室西南卧',
 'house_toword': '略'}
Traceback (most recent call last):
  File "/Users/chumu/PycharmProjects/test/venv/lib/python3.6/site-packages/twisted/internet/defer.py", line 654, in _runCallbacks
    current.result = callback(current.result, *args, **kw)
  File "/Users/chumu/Desktop/myspider/Project/15-scrapy/num7_lianjia/num7_lianjia/pipelines.py", line 20, in process_item
    str = json.dump(dict(item), ensure_ascii=False)
TypeError: dump() missing 1 required positional argument: 'fp'
2019-11-29 16:07:33 [scrapy.core.scraper] ERROR: Error processing {'house_href': 'https://cd.lianjia.com/zufang/CD2399214860694470656.html',
 'house_imagdir': 'lianjia/合租·塔子山壹号5居室北卧',
 'house_name': '锦江-沙河堡-塔子山壹号',
 'house_num': 'CD2399214860694470656',
 'house_price': '1050元/月',
 'house_size': '略',
 'house_style': '未知',
 'house_ting': '略',
 'house_title': '合租·塔子山壹号5居室北卧',
 'house_toword': '略'}
Traceback (most recent call last):
  File "/Users/chumu/PycharmProjects/test/venv/lib/python3.6/site-packages/twisted/internet/defer.py", line 654, in _runCallbacks
    current.result = callback(current.result, *args, **kw)
  File "/Users/chumu/Desktop/myspider/Project/15-scrapy/num7_lianjia/num7_lianjia/pipelines.py", line 20, in process_item
    str = json.dump(dict(item), ensure_ascii=False)
TypeError: dump() missing 1 required positional argument: 'fp'
2019-11-29 16:07:33 [scrapy.core.scraper] ERROR: Error processing {'house_href': 'https://cd.lianjia.com/zufang/CD2389633383132037120.html',
 'house_imagdir': 'lianjia/整租·缤舍1室1厅西南',
 'house_name': '锦江-盐市口-缤舍',
 'house_num': 'CD2389633383132037120',
 'house_price': '1200元/月',
 'house_size': '略',
 'house_style': '未知',
 'house_ting': '略',
 'house_title': '整租·缤舍1室1厅西南',
 'house_toword': '略'}
Traceback (most recent call last):
  File "/Users/chumu/PycharmProjects/test/venv/lib/python3.6/site-packages/twisted/internet/defer.py", line 654, in _runCallbacks
    current.result = callback(current.result, *args, **kw)
  File "/Users/chumu/Desktop/myspider/Project/15-scrapy/num7_lianjia/num7_lianjia/pipelines.py", line 20, in process_item
    str = json.dump(dict(item), ensure_ascii=False)
TypeError: dump() missing 1 required positional argument: 'fp'
2019-11-29 16:07:33 [scrapy.core.scraper] ERROR: Error processing {'house_href': 'https://cd.lianjia.com/zufang/CD2397619087506685952.html',
 'house_imagdir': 'lianjia/合租·中粮鸿云4居室南卧',
 'house_name': '锦江-东大路-中粮鸿云',
 'house_num': 'CD2397619087506685952',
 'house_price': '1104元/月',
 'house_size': '略',
 'house_style': '未知',
 'house_ting': '略',
 'house_title': '合租·中粮鸿云4居室南卧',
 'house_toword': '略'}
Traceback (most recent call last):
  File "/Users/chumu/PycharmProjects/test/venv/lib/python3.6/site-packages/twisted/internet/defer.py", line 654, in _runCallbacks
    current.result = callback(current.result, *args, **kw)
  File "/Users/chumu/Desktop/myspider/Project/15-scrapy/num7_lianjia/num7_lianjia/pipelines.py", line 20, in process_item
    str = json.dump(dict(item), ensure_ascii=False)
TypeError: dump() missing 1 required positional argument: 'fp'
2019-11-29 16:07:33 [scrapy.core.scraper] ERROR: Error processing {'house_href': 'https://cd.lianjia.com/zufang/CD2315957629605912576.html',
 'house_imagdir': 'lianjia/整租·海成大厦1室1厅南',
 'house_name': '锦江-合江亭-海成大厦',
 'house_num': 'CD2315957629605912576',
 'house_price': '1100元/月',
 'house_size': '略',
 'house_style': '未知',
 'house_ting': '略',
 'house_title': '整租·海成大厦1室1厅南',
 'house_toword': '略'}
Traceback (most recent call last):
  File "/Users/chumu/PycharmProjects/test/venv/lib/python3.6/site-packages/twisted/internet/defer.py", line 654, in _runCallbacks
    current.result = callback(current.result, *args, **kw)
  File "/Users/chumu/Desktop/myspider/Project/15-scrapy/num7_lianjia/num7_lianjia/pipelines.py", line 20, in process_item
    str = json.dump(dict(item), ensure_ascii=False)
TypeError: dump() missing 1 required positional argument: 'fp'
2019-11-29 16:07:33 [scrapy.core.engine] ERROR: Scraper close failure
Traceback (most recent call last):
  File "/Users/chumu/PycharmProjects/test/venv/lib/python3.6/site-packages/twisted/internet/defer.py", line 654, in _runCallbacks
    current.result = callback(current.result, *args, **kw)
TypeError: close_spider() takes 1 positional argument but 2 were given
2019-11-29 16:08:19 [scrapy.core.scraper] ERROR: Error processing {'house_href': 'https://cd.lianjia.com/zufang/CD2399432637220929536.html',
 'house_imagdir': 'lianjia/合租·望江橡树林一期4居室西卧',
 'house_name': '锦江-三官堂-望江橡树林一期',
 'house_num': 'CD2399432637220929536',
 'house_price': '1360元/月',
 'house_size': '略',
 'house_style': '未知',
 'house_ting': '略',
 'house_title': '合租·望江橡树林一期4居室西卧',
 'house_toword': '略'}
Traceback (most recent call last):
  File "/Users/chumu/PycharmProjects/test/venv/lib/python3.6/site-packages/twisted/internet/defer.py", line 654, in _runCallbacks
    current.result = callback(current.result, *args, **kw)
  File "/Users/chumu/Desktop/myspider/Project/15-scrapy/num7_lianjia/num7_lianjia/pipelines.py", line 20, in process_item
    str = json.dump(dict(item), ensure_ascii=False)
TypeError: dump() missing 1 required positional argument: 'fp'
2019-11-29 16:08:19 [scrapy.core.scraper] ERROR: Error processing {'house_href': 'https://cd.lianjia.com/zufang/CD2396367660091973632.html',
 'house_imagdir': 'lianjia/整租·蓝润V客东都二期1室1厅南',
 'house_name': '锦江-三圣乡-蓝润V客东都二期',
 'house_num': 'CD2396367660091973632',
 'house_price': '1439元/月',
 'house_size': '略',
 'house_style': '未知',
 'house_ting': '略',
 'house_title': '整租·蓝润V客东都二期1室1厅南',
 'house_toword': '略'}
Traceback (most recent call last):
  File "/Users/chumu/PycharmProjects/test/venv/lib/python3.6/site-packages/twisted/internet/defer.py", line 654, in _runCallbacks
    current.result = callback(current.result, *args, **kw)
  File "/Users/chumu/Desktop/myspider/Project/15-scrapy/num7_lianjia/num7_lianjia/pipelines.py", line 20, in process_item
    str = json.dump(dict(item), ensure_ascii=False)
TypeError: dump() missing 1 required positional argument: 'fp'
2019-11-29 16:08:21 [scrapy.core.scraper] ERROR: Error processing {'house_href': 'https://cd.lianjia.com/zufang/CD2395618135047938048.html',
 'house_imagdir': 'lianjia/整租·长城锦苑1室0厅东南',
 'house_name': '锦江-红星路-长城锦苑',
 'house_num': 'CD2395618135047938048',
 'house_price': '1200元/月',
 'house_size': '略',
 'house_style': '未知',
 'house_ting': '略',
 'house_title': '整租·长城锦苑1室0厅东南',
 'house_toword': '略'}
Traceback (most recent call last):
  File "/Users/chumu/PycharmProjects/test/venv/lib/python3.6/site-packages/twisted/internet/defer.py", line 654, in _runCallbacks
    current.result = callback(current.result, *args, **kw)
  File "/Users/chumu/Desktop/myspider/Project/15-scrapy/num7_lianjia/num7_lianjia/pipelines.py", line 20, in process_item
    str = json.dump(dict(item), ensure_ascii=False)
TypeError: dump() missing 1 required positional argument: 'fp'
2019-11-29 16:08:23 [scrapy.core.scraper] ERROR: Error processing {'house_href': 'https://cd.lianjia.com/zufang/CD2399010681237553152.html',
 'house_imagdir': 'lianjia/整租·缤舍1室0厅南',
 'house_name': '锦江-盐市口-缤舍',
 'house_num': 'CD2399010681237553152',
 'house_price': '1400元/月',
 'house_size': '略',
 'house_style': '未知',
 'house_ting': '略',
 'house_title': '整租·缤舍1室0厅南',
 'house_toword': '略'}
Traceback (most recent call last):
  File "/Users/chumu/PycharmProjects/test/venv/lib/python3.6/site-packages/twisted/internet/defer.py", line 654, in _runCallbacks
    current.result = callback(current.result, *args, **kw)
  File "/Users/chumu/Desktop/myspider/Project/15-scrapy/num7_lianjia/num7_lianjia/pipelines.py", line 20, in process_item
    str = json.dump(dict(item), ensure_ascii=False)
TypeError: dump() missing 1 required positional argument: 'fp'
2019-11-29 16:08:24 [scrapy.core.scraper] ERROR: Error processing {'house_href': 'https://cd.lianjia.com/zufang/CD2396286497054523392.html',
 'house_imagdir': 'lianjia/整租·锦江城市花园三期2室1厅东南',
 'house_name': '锦江-三圣乡-锦江城市花园三期',
 'house_num': 'CD2396286497054523392',
 'house_price': '1500元/月',
 'house_size': '略',
 'house_style': '未知',
 'house_ting': '略',
 'house_title': '整租·锦江城市花园三期2室1厅东南',
 'house_toword': '略'}
Traceback (most recent call last):
  File "/Users/chumu/PycharmProjects/test/venv/lib/python3.6/site-packages/twisted/internet/defer.py", line 654, in _runCallbacks
    current.result = callback(current.result, *args, **kw)
  File "/Users/chumu/Desktop/myspider/Project/15-scrapy/num7_lianjia/num7_lianjia/pipelines.py", line 20, in process_item
    str = json.dump(dict(item), ensure_ascii=False)
TypeError: dump() missing 1 required positional argument: 'fp'
2019-11-29 16:08:25 [scrapy.core.scraper] ERROR: Error processing {'house_href': 'https://cd.lianjia.com/zufang/CD2398571265104551936.html',
 'house_imagdir': 'lianjia/合租·蓉上坊二期4居室东南卧',
 'house_name': '锦江-合江亭-蓉上坊二期',
 'house_num': 'CD2398571265104551936',
 'house_price': '1100元/月',
 'house_size': '略',
 'house_style': '未知',
 'house_ting': '略',
 'house_title': '合租·蓉上坊二期4居室东南卧',
 'house_toword': '略'}
Traceback (most recent call last):
  File "/Users/chumu/PycharmProjects/test/venv/lib/python3.6/site-packages/twisted/internet/defer.py", line 654, in _runCallbacks
    current.result = callback(current.result, *args, **kw)
  File "/Users/chumu/Desktop/myspider/Project/15-scrapy/num7_lianjia/num7_lianjia/pipelines.py", line 20, in process_item
    str = json.dump(dict(item), ensure_ascii=False)
TypeError: dump() missing 1 required positional argument: 'fp'
2019-11-29 16:08:28 [scrapy.core.scraper] ERROR: Error processing {'house_href': 'https://cd.lianjia.com/zufang/CD2395559116652150784.html',
 'house_imagdir': 'lianjia/整租·东四街141号1室1厅东南/南',
 'house_name': '锦江-九眼桥-东四街141号',
 'house_num': 'CD2395559116652150784',
 'house_price': '1500元/月',
 'house_size': '略',
 'house_style': '未知',
 'house_ting': '略',
 'house_title': '整租·东四街141号1室1厅东南/南',
 'house_toword': '略'}
Traceback (most recent call last):
  File "/Users/chumu/PycharmProjects/test/venv/lib/python3.6/site-packages/twisted/internet/defer.py", line 654, in _runCallbacks
    current.result = callback(current.result, *args, **kw)
  File "/Users/chumu/Desktop/myspider/Project/15-scrapy/num7_lianjia/num7_lianjia/pipelines.py", line 20, in process_item
    str = json.dump(dict(item), ensure_ascii=False)
TypeError: dump() missing 1 required positional argument: 'fp'
2019-11-29 16:08:28 [scrapy.core.scraper] ERROR: Error processing {'house_href': 'https://cd.lianjia.com/zufang/CD2397067558970212352.html',
 'house_imagdir': 'lianjia/整租·蜀都花园1室0厅西南',
 'house_name': '锦江-水碾河-蜀都花园',
 'house_num': 'CD2397067558970212352',
 'house_price': '1200元/月',
 'house_size': '略',
 'house_style': '未知',
 'house_ting': '略',
 'house_title': '整租·蜀都花园1室0厅西南',
 'house_toword': '略'}
Traceback (most recent call last):
  File "/Users/chumu/PycharmProjects/test/venv/lib/python3.6/site-packages/twisted/internet/defer.py", line 654, in _runCallbacks
    current.result = callback(current.result, *args, **kw)
  File "/Users/chumu/Desktop/myspider/Project/15-scrapy/num7_lianjia/num7_lianjia/pipelines.py", line 20, in process_item
    str = json.dump(dict(item), ensure_ascii=False)
TypeError: dump() missing 1 required positional argument: 'fp'
2019-11-29 16:08:29 [scrapy.core.scraper] ERROR: Error processing {'house_href': 'https://cd.lianjia.com/zufang/CD2397004679751417856.html',
 'house_imagdir': 'lianjia/合租·蜀都花园1居室东南卧',
 'house_name': '锦江-水碾河-蜀都花园',
 'house_num': 'CD2397004679751417856',
 'house_price': '1050元/月',
 'house_size': '略',
 'house_style': '未知',
 'house_ting': '略',
 'house_title': '合租·蜀都花园1居室东南卧',
 'house_toword': '略'}
Traceback (most recent call last):
  File "/Users/chumu/PycharmProjects/test/venv/lib/python3.6/site-packages/twisted/internet/defer.py", line 654, in _runCallbacks
    current.result = callback(current.result, *args, **kw)
  File "/Users/chumu/Desktop/myspider/Project/15-scrapy/num7_lianjia/num7_lianjia/pipelines.py", line 20, in process_item
    str = json.dump(dict(item), ensure_ascii=False)
TypeError: dump() missing 1 required positional argument: 'fp'
2019-11-29 16:08:29 [scrapy.core.scraper] ERROR: Error processing {'house_href': 'https://cd.lianjia.com/zufang/CD2395637721331933184.html',
 'house_imagdir': 'lianjia/整租·江东民居一区2室1厅东南',
 'house_name': '锦江-攀成钢-江东民居一区',
 'house_num': 'CD2395637721331933184',
 'house_price': '1200元/月',
 'house_size': '略',
 'house_style': '未知',
 'house_ting': '略',
 'house_title': '整租·江东民居一区2室1厅东南',
 'house_toword': '略'}
Traceback (most recent call last):
  File "/Users/chumu/PycharmProjects/test/venv/lib/python3.6/site-packages/twisted/internet/defer.py", line 654, in _runCallbacks
    current.result = callback(current.result, *args, **kw)
  File "/Users/chumu/Desktop/myspider/Project/15-scrapy/num7_lianjia/num7_lianjia/pipelines.py", line 20, in process_item
    str = json.dump(dict(item), ensure_ascii=False)
TypeError: dump() missing 1 required positional argument: 'fp'
2019-11-29 16:08:30 [scrapy.core.scraper] ERROR: Error processing {'house_href': 'https://cd.lianjia.com/zufang/CD2395623792484556800.html',
 'house_imagdir': 'lianjia/整租·钢管厂五区2室1厅东南',
 'house_name': '锦江-莲花-钢管厂五区',
 'house_num': 'CD2395623792484556800',
 'house_price': '1200元/月',
 'house_size': '略',
 'house_style': '未知',
 'house_ting': '略',
 'house_title': '整租·钢管厂五区2室1厅东南',
 'house_toword': '略'}
Traceback (most recent call last):
  File "/Users/chumu/PycharmProjects/test/venv/lib/python3.6/site-packages/twisted/internet/defer.py", line 654, in _runCallbacks
    current.result = callback(current.result, *args, **kw)
  File "/Users/chumu/Desktop/myspider/Project/15-scrapy/num7_lianjia/num7_lianjia/pipelines.py", line 20, in process_item
    str = json.dump(dict(item), ensure_ascii=False)
TypeError: dump() missing 1 required positional argument: 'fp'
2019-11-29 16:08:30 [scrapy.core.scraper] ERROR: Error processing {'house_href': 'https://cd.lianjia.com/zufang/CD2399177395870908416.html',
 'house_imagdir': 'lianjia/合租·中港CCPARK4居室南卧',
 'house_name': '锦江-东湖-中港CCPARK',
 'house_num': 'CD2399177395870908416',
 'house_price': '1350元/月',
 'house_size': '略',
 'house_style': '未知',
 'house_ting': '略',
 'house_title': '合租·中港CCPARK4居室南卧',
 'house_toword': '略'}
Traceback (most recent call last):
  File "/Users/chumu/PycharmProjects/test/venv/lib/python3.6/site-packages/twisted/internet/defer.py", line 654, in _runCallbacks
    current.result = callback(current.result, *args, **kw)
  File "/Users/chumu/Desktop/myspider/Project/15-scrapy/num7_lianjia/num7_lianjia/pipelines.py", line 20, in process_item
    str = json.dump(dict(item), ensure_ascii=False)
TypeError: dump() missing 1 required positional argument: 'fp'
2019-11-29 16:08:34 [scrapy.core.scraper] ERROR: Error processing {'house_href': 'https://cd.lianjia.com/zufang/CD2395691577595920384.html',
 'house_imagdir': 'lianjia/合租·大观祥苑1居室东南卧',
 'house_name': '锦江-川师-大观祥苑',
 'house_num': 'CD2395691577595920384',
 'house_price': '1200元/月',
 'house_size': '略',
 'house_style': '未知',
 'house_ting': '略',
 'house_title': '合租·大观祥苑1居室东南卧',
 'house_toword': '略'}
Traceback (most recent call last):
  File "/Users/chumu/PycharmProjects/test/venv/lib/python3.6/site-packages/twisted/internet/defer.py", line 654, in _runCallbacks
    current.result = callback(current.result, *args, **kw)
  File "/Users/chumu/Desktop/myspider/Project/15-scrapy/num7_lianjia/num7_lianjia/pipelines.py", line 20, in process_item
    str = json.dump(dict(item), ensure_ascii=False)
TypeError: dump() missing 1 required positional argument: 'fp'
2019-11-29 16:08:36 [scrapy.core.scraper] ERROR: Error processing {'house_href': 'https://cd.lianjia.com/zufang/CD2399911896943181824.html',
 'house_imagdir': 'lianjia/合租·中港CCPARK4居室南卧',
 'house_name': '锦江-东湖-中港CCPARK',
 'house_num': 'CD2399911896943181824',
 'house_price': '1100元/月',
 'house_size': '略',
 'house_style': '未知',
 'house_ting': '略',
 'house_title': '合租·中港CCPARK4居室南卧',
 'house_toword': '略'}
Traceback (most recent call last):
  File "/Users/chumu/PycharmProjects/test/venv/lib/python3.6/site-packages/twisted/internet/defer.py", line 654, in _runCallbacks
    current.result = callback(current.result, *args, **kw)
  File "/Users/chumu/Desktop/myspider/Project/15-scrapy/num7_lianjia/num7_lianjia/pipelines.py", line 20, in process_item
    str = json.dump(dict(item), ensure_ascii=False)
TypeError: dump() missing 1 required positional argument: 'fp'
2019-11-29 16:08:38 [scrapy.core.scraper] ERROR: Error processing {'house_href': 'https://cd.lianjia.com/zufang/CD2396406433982709760.html',
 'house_imagdir': 'lianjia/整租·冻青树街38号1室0厅南',
 'house_name': '锦江-盐市口-冻青树街38号',
 'house_num': 'CD2396406433982709760',
 'house_price': '1000元/月',
 'house_size': '略',
 'house_style': '未知',
 'house_ting': '略',
 'house_title': '整租·冻青树街38号1室0厅南',
 'house_toword': '略'}
Traceback (most recent call last):
  File "/Users/chumu/PycharmProjects/test/venv/lib/python3.6/site-packages/twisted/internet/defer.py", line 654, in _runCallbacks
    current.result = callback(current.result, *args, **kw)
  File "/Users/chumu/Desktop/myspider/Project/15-scrapy/num7_lianjia/num7_lianjia/pipelines.py", line 20, in process_item
    str = json.dump(dict(item), ensure_ascii=False)
TypeError: dump() missing 1 required positional argument: 'fp'
2019-11-29 16:08:38 [scrapy.core.scraper] ERROR: Error processing {'house_href': 'https://cd.lianjia.com/zufang/CD2395632950076252160.html',
 'house_imagdir': 'lianjia/整租·东景雅苑1室0厅东',
 'house_name': '锦江-莲花-东景雅苑',
 'house_num': 'CD2395632950076252160',
 'house_price': '1100元/月',
 'house_size': '略',
 'house_style': '未知',
 'house_ting': '略',
 'house_title': '整租·东景雅苑1室0厅东',
 'house_toword': '略'}
Traceback (most recent call last):
  File "/Users/chumu/PycharmProjects/test/venv/lib/python3.6/site-packages/twisted/internet/defer.py", line 654, in _runCallbacks
    current.result = callback(current.result, *args, **kw)
  File "/Users/chumu/Desktop/myspider/Project/15-scrapy/num7_lianjia/num7_lianjia/pipelines.py", line 20, in process_item
    str = json.dump(dict(item), ensure_ascii=False)
TypeError: dump() missing 1 required positional argument: 'fp'
2019-11-29 16:08:39 [scrapy.core.scraper] ERROR: Error processing {'house_href': 'https://cd.lianjia.com/zufang/CD2396173660907388928.html',
 'house_imagdir': 'lianjia/整租·水碾河路6号2室2厅东南',
 'house_name': '锦江-水碾河-水碾河路6号',
 'house_num': 'CD2396173660907388928',
 'house_price': '1500元/月',
 'house_size': '略',
 'house_style': '未知',
 'house_ting': '略',
 'house_title': '整租·水碾河路6号2室2厅东南',
 'house_toword': '略'}
Traceback (most recent call last):
  File "/Users/chumu/PycharmProjects/test/venv/lib/python3.6/site-packages/twisted/internet/defer.py", line 654, in _runCallbacks
    current.result = callback(current.result, *args, **kw)
  File "/Users/chumu/Desktop/myspider/Project/15-scrapy/num7_lianjia/num7_lianjia/pipelines.py", line 20, in process_item
    str = json.dump(dict(item), ensure_ascii=False)
TypeError: dump() missing 1 required positional argument: 'fp'
2019-11-29 16:08:39 [scrapy.core.scraper] ERROR: Error processing {'house_href': 'https://cd.lianjia.com/zufang/CD2396242537418326016.html',
 'house_imagdir': 'lianjia/整租·金泉街48号1室0厅东南',
 'house_name': '锦江-合江亭-金泉街48号',
 'house_num': 'CD2396242537418326016',
 'house_price': '1150元/月',
 'house_size': '略',
 'house_style': '未知',
 'house_ting': '略',
 'house_title': '整租·金泉街48号1室0厅东南',
 'house_toword': '略'}
Traceback (most recent call last):
  File "/Users/chumu/PycharmProjects/test/venv/lib/python3.6/site-packages/twisted/internet/defer.py", line 654, in _runCallbacks
    current.result = callback(current.result, *args, **kw)
  File "/Users/chumu/Desktop/myspider/Project/15-scrapy/num7_lianjia/num7_lianjia/pipelines.py", line 20, in process_item
    str = json.dump(dict(item), ensure_ascii=False)
TypeError: dump() missing 1 required positional argument: 'fp'
2019-11-29 16:08:41 [scrapy.core.scraper] ERROR: Error processing {'house_href': 'https://cd.lianjia.com/zufang/CD2338431442478178304.html',
 'house_imagdir': 'lianjia/整租·粼江峰阁1室0厅东南/南',
 'house_name': '锦江-九眼桥-粼江峰阁',
 'house_num': 'CD2338431442478178304',
 'house_price': '1300元/月',
 'house_size': '略',
 'house_style': '未知',
 'house_ting': '略',
 'house_title': '整租·粼江峰阁1室0厅东南/南',
 'house_toword': '略'}
Traceback (most recent call last):
  File "/Users/chumu/PycharmProjects/test/venv/lib/python3.6/site-packages/twisted/internet/defer.py", line 654, in _runCallbacks
    current.result = callback(current.result, *args, **kw)
  File "/Users/chumu/Desktop/myspider/Project/15-scrapy/num7_lianjia/num7_lianjia/pipelines.py", line 20, in process_item
    str = json.dump(dict(item), ensure_ascii=False)
TypeError: dump() missing 1 required positional argument: 'fp'
2019-11-29 16:08:41 [scrapy.core.scraper] ERROR: Error processing {'house_href': 'https://cd.lianjia.com/zufang/CD2380890539794112512.html',
 'house_imagdir': 'lianjia/整租·磨房街30号1室0厅东',
 'house_name': '锦江-合江亭-磨房街30号',
 'house_num': 'CD2380890539794112512',
 'house_price': '1300元/月',
 'house_size': '略',
 'house_style': '未知',
 'house_ting': '略',
 'house_title': '整租·磨房街30号1室0厅东',
 'house_toword': '略'}
Traceback (most recent call last):
  File "/Users/chumu/PycharmProjects/test/venv/lib/python3.6/site-packages/twisted/internet/defer.py", line 654, in _runCallbacks
    current.result = callback(current.result, *args, **kw)
  File "/Users/chumu/Desktop/myspider/Project/15-scrapy/num7_lianjia/num7_lianjia/pipelines.py", line 20, in process_item
    str = json.dump(dict(item), ensure_ascii=False)
TypeError: dump() missing 1 required positional argument: 'fp'
2019-11-29 16:08:41 [scrapy.core.scraper] ERROR: Error processing {'house_href': 'https://cd.lianjia.com/zufang/CD2389001339100741632.html',
 'house_imagdir': 'lianjia/整租·水碾河路6号2室1厅南',
 'house_name': '锦江-水碾河-水碾河路6号',
 'house_num': 'CD2389001339100741632',
 'house_price': '1200元/月',
 'house_size': '略',
 'house_style': '未知',
 'house_ting': '略',
 'house_title': '整租·水碾河路6号2室1厅南',
 'house_toword': '略'}
Traceback (most recent call last):
  File "/Users/chumu/PycharmProjects/test/venv/lib/python3.6/site-packages/twisted/internet/defer.py", line 654, in _runCallbacks
    current.result = callback(current.result, *args, **kw)
  File "/Users/chumu/Desktop/myspider/Project/15-scrapy/num7_lianjia/num7_lianjia/pipelines.py", line 20, in process_item
    str = json.dump(dict(item), ensure_ascii=False)
TypeError: dump() missing 1 required positional argument: 'fp'
2019-11-29 16:08:41 [scrapy.core.scraper] ERROR: Error processing {'house_href': 'https://cd.lianjia.com/zufang/CD2398994690469789696.html',
 'house_imagdir': 'lianjia/合租·中港CCPARK4居室南卧',
 'house_name': '锦江-东湖-中港CCPARK',
 'house_num': 'CD2398994690469789696',
 'house_price': '1000元/月',
 'house_size': '略',
 'house_style': '未知',
 'house_ting': '略',
 'house_title': '合租·中港CCPARK4居室南卧',
 'house_toword': '略'}
Traceback (most recent call last):
  File "/Users/chumu/PycharmProjects/test/venv/lib/python3.6/site-packages/twisted/internet/defer.py", line 654, in _runCallbacks
    current.result = callback(current.result, *args, **kw)
  File "/Users/chumu/Desktop/myspider/Project/15-scrapy/num7_lianjia/num7_lianjia/pipelines.py", line 20, in process_item
    str = json.dump(dict(item), ensure_ascii=False)
TypeError: dump() missing 1 required positional argument: 'fp'
2019-11-29 16:08:42 [scrapy.core.scraper] ERROR: Error processing {'house_href': 'https://cd.lianjia.com/zufang/CD2393937590538469376.html',
 'house_imagdir': 'lianjia/整租·大观苑二期1室1厅南',
 'house_name': '锦江-蓝谷地-大观苑二期',
 'house_num': 'CD2393937590538469376',
 'house_price': '1300元/月',
 'house_size': '略',
 'house_style': '未知',
 'house_ting': '略',
 'house_title': '整租·大观苑二期1室1厅南',
 'house_toword': '略'}
Traceback (most recent call last):
  File "/Users/chumu/PycharmProjects/test/venv/lib/python3.6/site-packages/twisted/internet/defer.py", line 654, in _runCallbacks
    current.result = callback(current.result, *args, **kw)
  File "/Users/chumu/Desktop/myspider/Project/15-scrapy/num7_lianjia/num7_lianjia/pipelines.py", line 20, in process_item
    str = json.dump(dict(item), ensure_ascii=False)
TypeError: dump() missing 1 required positional argument: 'fp'
2019-11-29 16:08:42 [scrapy.core.scraper] ERROR: Error processing {'house_href': 'https://cd.lianjia.com/zufang/CD2399177397414141952.html',
 'house_imagdir': 'lianjia/合租·中港CCPARK4居室北卧',
 'house_name': '锦江-东湖-中港CCPARK',
 'house_num': 'CD2399177397414141952',
 'house_price': '1080元/月',
 'house_size': '略',
 'house_style': '未知',
 'house_ting': '略',
 'house_title': '合租·中港CCPARK4居室北卧',
 'house_toword': '略'}
Traceback (most recent call last):
  File "/Users/chumu/PycharmProjects/test/venv/lib/python3.6/site-packages/twisted/internet/defer.py", line 654, in _runCallbacks
    current.result = callback(current.result, *args, **kw)
  File "/Users/chumu/Desktop/myspider/Project/15-scrapy/num7_lianjia/num7_lianjia/pipelines.py", line 20, in process_item
    str = json.dump(dict(item), ensure_ascii=False)
TypeError: dump() missing 1 required positional argument: 'fp'
2019-11-29 16:08:42 [scrapy.core.scraper] ERROR: Error processing {'house_href': 'https://cd.lianjia.com/zufang/CD2399795464791654400.html',
 'house_imagdir': 'lianjia/合租·中新街70号4居室南卧',
 'house_name': '锦江-盐市口-中新街70号',
 'house_num': 'CD2399795464791654400',
 'house_price': '1290元/月',
 'house_size': '略',
 'house_style': '未知',
 'house_ting': '略',
 'house_title': '合租·中新街70号4居室南卧',
 'house_toword': '略'}
Traceback (most recent call last):
  File "/Users/chumu/PycharmProjects/test/venv/lib/python3.6/site-packages/twisted/internet/defer.py", line 654, in _runCallbacks
    current.result = callback(current.result, *args, **kw)
  File "/Users/chumu/Desktop/myspider/Project/15-scrapy/num7_lianjia/num7_lianjia/pipelines.py", line 20, in process_item
    str = json.dump(dict(item), ensure_ascii=False)
TypeError: dump() missing 1 required positional argument: 'fp'
2019-11-29 16:08:42 [scrapy.core.scraper] ERROR: Error processing {'house_href': 'https://cd.lianjia.com/zufang/CD2399214860694470656.html',
 'house_imagdir': 'lianjia/合租·塔子山壹号5居室北卧',
 'house_name': '锦江-沙河堡-塔子山壹号',
 'house_num': 'CD2399214860694470656',
 'house_price': '1050元/月',
 'house_size': '略',
 'house_style': '未知',
 'house_ting': '略',
 'house_title': '合租·塔子山壹号5居室北卧',
 'house_toword': '略'}
Traceback (most recent call last):
  File "/Users/chumu/PycharmProjects/test/venv/lib/python3.6/site-packages/twisted/internet/defer.py", line 654, in _runCallbacks
    current.result = callback(current.result, *args, **kw)
  File "/Users/chumu/Desktop/myspider/Project/15-scrapy/num7_lianjia/num7_lianjia/pipelines.py", line 20, in process_item
    str = json.dump(dict(item), ensure_ascii=False)
TypeError: dump() missing 1 required positional argument: 'fp'
2019-11-29 16:08:42 [scrapy.core.scraper] ERROR: Error processing {'house_href': 'https://cd.lianjia.com/zufang/CD2397619087506685952.html',
 'house_imagdir': 'lianjia/合租·中粮鸿云4居室南卧',
 'house_name': '锦江-东大路-中粮鸿云',
 'house_num': 'CD2397619087506685952',
 'house_price': '1104元/月',
 'house_size': '略',
 'house_style': '未知',
 'house_ting': '略',
 'house_title': '合租·中粮鸿云4居室南卧',
 'house_toword': '略'}
Traceback (most recent call last):
  File "/Users/chumu/PycharmProjects/test/venv/lib/python3.6/site-packages/twisted/internet/defer.py", line 654, in _runCallbacks
    current.result = callback(current.result, *args, **kw)
  File "/Users/chumu/Desktop/myspider/Project/15-scrapy/num7_lianjia/num7_lianjia/pipelines.py", line 20, in process_item
    str = json.dump(dict(item), ensure_ascii=False)
TypeError: dump() missing 1 required positional argument: 'fp'
2019-11-29 16:08:42 [scrapy.core.scraper] ERROR: Error processing {'house_href': 'https://cd.lianjia.com/zufang/CD2389633383132037120.html',
 'house_imagdir': 'lianjia/整租·缤舍1室1厅西南',
 'house_name': '锦江-盐市口-缤舍',
 'house_num': 'CD2389633383132037120',
 'house_price': '1200元/月',
 'house_size': '略',
 'house_style': '未知',
 'house_ting': '略',
 'house_title': '整租·缤舍1室1厅西南',
 'house_toword': '略'}
Traceback (most recent call last):
  File "/Users/chumu/PycharmProjects/test/venv/lib/python3.6/site-packages/twisted/internet/defer.py", line 654, in _runCallbacks
    current.result = callback(current.result, *args, **kw)
  File "/Users/chumu/Desktop/myspider/Project/15-scrapy/num7_lianjia/num7_lianjia/pipelines.py", line 20, in process_item
    str = json.dump(dict(item), ensure_ascii=False)
TypeError: dump() missing 1 required positional argument: 'fp'
2019-11-29 16:08:42 [scrapy.core.scraper] ERROR: Error processing {'house_href': 'https://cd.lianjia.com/zufang/CD2399893039100739584.html',
 'house_imagdir': 'lianjia/合租·芷泉公寓5居室西南卧',
 'house_name': '锦江-合江亭-芷泉公寓',
 'house_num': 'CD2399893039100739584',
 'house_price': '1000元/月',
 'house_size': '略',
 'house_style': '未知',
 'house_ting': '略',
 'house_title': '合租·芷泉公寓5居室西南卧',
 'house_toword': '略'}
Traceback (most recent call last):
  File "/Users/chumu/PycharmProjects/test/venv/lib/python3.6/site-packages/twisted/internet/defer.py", line 654, in _runCallbacks
    current.result = callback(current.result, *args, **kw)
  File "/Users/chumu/Desktop/myspider/Project/15-scrapy/num7_lianjia/num7_lianjia/pipelines.py", line 20, in process_item
    str = json.dump(dict(item), ensure_ascii=False)
TypeError: dump() missing 1 required positional argument: 'fp'
2019-11-29 16:08:42 [scrapy.core.scraper] ERROR: Error processing {'house_href': 'https://cd.lianjia.com/zufang/CD2315957629605912576.html',
 'house_imagdir': 'lianjia/整租·海成大厦1室1厅南',
 'house_name': '锦江-合江亭-海成大厦',
 'house_num': 'CD2315957629605912576',
 'house_price': '1100元/月',
 'house_size': '略',
 'house_style': '未知',
 'house_ting': '略',
 'house_title': '整租·海成大厦1室1厅南',
 'house_toword': '略'}
Traceback (most recent call last):
  File "/Users/chumu/PycharmProjects/test/venv/lib/python3.6/site-packages/twisted/internet/defer.py", line 654, in _runCallbacks
    current.result = callback(current.result, *args, **kw)
  File "/Users/chumu/Desktop/myspider/Project/15-scrapy/num7_lianjia/num7_lianjia/pipelines.py", line 20, in process_item
    str = json.dump(dict(item), ensure_ascii=False)
TypeError: dump() missing 1 required positional argument: 'fp'
2019-11-29 16:08:42 [scrapy.core.engine] ERROR: Scraper close failure
Traceback (most recent call last):
  File "/Users/chumu/PycharmProjects/test/venv/lib/python3.6/site-packages/twisted/internet/defer.py", line 654, in _runCallbacks
    current.result = callback(current.result, *args, **kw)
TypeError: close_spider() takes 1 positional argument but 2 were given
2019-11-29 16:11:01 [scrapy.core.scraper] ERROR: Error processing {'house_href': 'https://cd.lianjia.com/zufang/CD2396367660091973632.html',
 'house_imagdir': 'lianjia/整租·蓝润V客东都二期1室1厅南',
 'house_name': '锦江-三圣乡-蓝润V客东都二期',
 'house_num': 'CD2396367660091973632',
 'house_price': '1439元/月',
 'house_size': '略',
 'house_style': '未知',
 'house_ting': '略',
 'house_title': '整租·蓝润V客东都二期1室1厅南',
 'house_toword': '略'}
Traceback (most recent call last):
  File "/Users/chumu/PycharmProjects/test/venv/lib/python3.6/site-packages/twisted/internet/defer.py", line 654, in _runCallbacks
    current.result = callback(current.result, *args, **kw)
  File "/Users/chumu/Desktop/myspider/Project/15-scrapy/num7_lianjia/num7_lianjia/pipelines.py", line 20, in process_item
    str = json.dump(dict(item), ensure_ascii=False)
TypeError: dump() missing 1 required positional argument: 'fp'
2019-11-29 16:11:03 [scrapy.core.scraper] ERROR: Error processing {'house_href': 'https://cd.lianjia.com/zufang/CD2399432637220929536.html',
 'house_imagdir': 'lianjia/合租·望江橡树林一期4居室西卧',
 'house_name': '锦江-三官堂-望江橡树林一期',
 'house_num': 'CD2399432637220929536',
 'house_price': '1360元/月',
 'house_size': '略',
 'house_style': '未知',
 'house_ting': '略',
 'house_title': '合租·望江橡树林一期4居室西卧',
 'house_toword': '略'}
Traceback (most recent call last):
  File "/Users/chumu/PycharmProjects/test/venv/lib/python3.6/site-packages/twisted/internet/defer.py", line 654, in _runCallbacks
    current.result = callback(current.result, *args, **kw)
  File "/Users/chumu/Desktop/myspider/Project/15-scrapy/num7_lianjia/num7_lianjia/pipelines.py", line 20, in process_item
    str = json.dump(dict(item), ensure_ascii=False)
TypeError: dump() missing 1 required positional argument: 'fp'
2019-11-29 16:11:05 [scrapy.core.scraper] ERROR: Error processing {'house_href': 'https://cd.lianjia.com/zufang/CD2395618135047938048.html',
 'house_imagdir': 'lianjia/整租·长城锦苑1室0厅东南',
 'house_name': '锦江-红星路-长城锦苑',
 'house_num': 'CD2395618135047938048',
 'house_price': '1200元/月',
 'house_size': '略',
 'house_style': '未知',
 'house_ting': '略',
 'house_title': '整租·长城锦苑1室0厅东南',
 'house_toword': '略'}
Traceback (most recent call last):
  File "/Users/chumu/PycharmProjects/test/venv/lib/python3.6/site-packages/twisted/internet/defer.py", line 654, in _runCallbacks
    current.result = callback(current.result, *args, **kw)
  File "/Users/chumu/Desktop/myspider/Project/15-scrapy/num7_lianjia/num7_lianjia/pipelines.py", line 20, in process_item
    str = json.dump(dict(item), ensure_ascii=False)
TypeError: dump() missing 1 required positional argument: 'fp'
2019-11-29 16:11:06 [scrapy.core.scraper] ERROR: Error processing {'house_href': 'https://cd.lianjia.com/zufang/CD2399010681237553152.html',
 'house_imagdir': 'lianjia/整租·缤舍1室0厅南',
 'house_name': '锦江-盐市口-缤舍',
 'house_num': 'CD2399010681237553152',
 'house_price': '1400元/月',
 'house_size': '略',
 'house_style': '未知',
 'house_ting': '略',
 'house_title': '整租·缤舍1室0厅南',
 'house_toword': '略'}
Traceback (most recent call last):
  File "/Users/chumu/PycharmProjects/test/venv/lib/python3.6/site-packages/twisted/internet/defer.py", line 654, in _runCallbacks
    current.result = callback(current.result, *args, **kw)
  File "/Users/chumu/Desktop/myspider/Project/15-scrapy/num7_lianjia/num7_lianjia/pipelines.py", line 20, in process_item
    str = json.dump(dict(item), ensure_ascii=False)
TypeError: dump() missing 1 required positional argument: 'fp'
2019-11-29 16:11:09 [scrapy.core.scraper] ERROR: Error processing {'house_href': 'https://cd.lianjia.com/zufang/CD2396286497054523392.html',
 'house_imagdir': 'lianjia/整租·锦江城市花园三期2室1厅东南',
 'house_name': '锦江-三圣乡-锦江城市花园三期',
 'house_num': 'CD2396286497054523392',
 'house_price': '1500元/月',
 'house_size': '略',
 'house_style': '未知',
 'house_ting': '略',
 'house_title': '整租·锦江城市花园三期2室1厅东南',
 'house_toword': '略'}
Traceback (most recent call last):
  File "/Users/chumu/PycharmProjects/test/venv/lib/python3.6/site-packages/twisted/internet/defer.py", line 654, in _runCallbacks
    current.result = callback(current.result, *args, **kw)
  File "/Users/chumu/Desktop/myspider/Project/15-scrapy/num7_lianjia/num7_lianjia/pipelines.py", line 20, in process_item
    str = json.dump(dict(item), ensure_ascii=False)
TypeError: dump() missing 1 required positional argument: 'fp'
2019-11-29 16:11:12 [scrapy.core.scraper] ERROR: Error processing {'house_href': 'https://cd.lianjia.com/zufang/CD2398571265104551936.html',
 'house_imagdir': 'lianjia/合租·蓉上坊二期4居室东南卧',
 'house_name': '锦江-合江亭-蓉上坊二期',
 'house_num': 'CD2398571265104551936',
 'house_price': '1100元/月',
 'house_size': '略',
 'house_style': '未知',
 'house_ting': '略',
 'house_title': '合租·蓉上坊二期4居室东南卧',
 'house_toword': '略'}
Traceback (most recent call last):
  File "/Users/chumu/PycharmProjects/test/venv/lib/python3.6/site-packages/twisted/internet/defer.py", line 654, in _runCallbacks
    current.result = callback(current.result, *args, **kw)
  File "/Users/chumu/Desktop/myspider/Project/15-scrapy/num7_lianjia/num7_lianjia/pipelines.py", line 20, in process_item
    str = json.dump(dict(item), ensure_ascii=False)
TypeError: dump() missing 1 required positional argument: 'fp'
2019-11-29 16:11:14 [scrapy.core.scraper] ERROR: Error processing {'house_href': 'https://cd.lianjia.com/zufang/CD2395559116652150784.html',
 'house_imagdir': 'lianjia/整租·东四街141号1室1厅东南/南',
 'house_name': '锦江-九眼桥-东四街141号',
 'house_num': 'CD2395559116652150784',
 'house_price': '1500元/月',
 'house_size': '略',
 'house_style': '未知',
 'house_ting': '略',
 'house_title': '整租·东四街141号1室1厅东南/南',
 'house_toword': '略'}
Traceback (most recent call last):
  File "/Users/chumu/PycharmProjects/test/venv/lib/python3.6/site-packages/twisted/internet/defer.py", line 654, in _runCallbacks
    current.result = callback(current.result, *args, **kw)
  File "/Users/chumu/Desktop/myspider/Project/15-scrapy/num7_lianjia/num7_lianjia/pipelines.py", line 20, in process_item
    str = json.dump(dict(item), ensure_ascii=False)
TypeError: dump() missing 1 required positional argument: 'fp'
2019-11-29 16:11:14 [scrapy.core.scraper] ERROR: Error processing {'house_href': 'https://cd.lianjia.com/zufang/CD2397067558970212352.html',
 'house_imagdir': 'lianjia/整租·蜀都花园1室0厅西南',
 'house_name': '锦江-水碾河-蜀都花园',
 'house_num': 'CD2397067558970212352',
 'house_price': '1200元/月',
 'house_size': '略',
 'house_style': '未知',
 'house_ting': '略',
 'house_title': '整租·蜀都花园1室0厅西南',
 'house_toword': '略'}
Traceback (most recent call last):
  File "/Users/chumu/PycharmProjects/test/venv/lib/python3.6/site-packages/twisted/internet/defer.py", line 654, in _runCallbacks
    current.result = callback(current.result, *args, **kw)
  File "/Users/chumu/Desktop/myspider/Project/15-scrapy/num7_lianjia/num7_lianjia/pipelines.py", line 20, in process_item
    str = json.dump(dict(item), ensure_ascii=False)
TypeError: dump() missing 1 required positional argument: 'fp'
2019-11-29 16:11:15 [scrapy.core.scraper] ERROR: Error processing {'house_href': 'https://cd.lianjia.com/zufang/CD2397004679751417856.html',
 'house_imagdir': 'lianjia/合租·蜀都花园1居室东南卧',
 'house_name': '锦江-水碾河-蜀都花园',
 'house_num': 'CD2397004679751417856',
 'house_price': '1050元/月',
 'house_size': '略',
 'house_style': '未知',
 'house_ting': '略',
 'house_title': '合租·蜀都花园1居室东南卧',
 'house_toword': '略'}
Traceback (most recent call last):
  File "/Users/chumu/PycharmProjects/test/venv/lib/python3.6/site-packages/twisted/internet/defer.py", line 654, in _runCallbacks
    current.result = callback(current.result, *args, **kw)
  File "/Users/chumu/Desktop/myspider/Project/15-scrapy/num7_lianjia/num7_lianjia/pipelines.py", line 20, in process_item
    str = json.dump(dict(item), ensure_ascii=False)
TypeError: dump() missing 1 required positional argument: 'fp'
2019-11-29 16:11:16 [scrapy.core.scraper] ERROR: Error processing {'house_href': 'https://cd.lianjia.com/zufang/CD2395623792484556800.html',
 'house_imagdir': 'lianjia/整租·钢管厂五区2室1厅东南',
 'house_name': '锦江-莲花-钢管厂五区',
 'house_num': 'CD2395623792484556800',
 'house_price': '1200元/月',
 'house_size': '略',
 'house_style': '未知',
 'house_ting': '略',
 'house_title': '整租·钢管厂五区2室1厅东南',
 'house_toword': '略'}
Traceback (most recent call last):
  File "/Users/chumu/PycharmProjects/test/venv/lib/python3.6/site-packages/twisted/internet/defer.py", line 654, in _runCallbacks
    current.result = callback(current.result, *args, **kw)
  File "/Users/chumu/Desktop/myspider/Project/15-scrapy/num7_lianjia/num7_lianjia/pipelines.py", line 20, in process_item
    str = json.dump(dict(item), ensure_ascii=False)
TypeError: dump() missing 1 required positional argument: 'fp'
2019-11-29 16:11:16 [scrapy.core.scraper] ERROR: Error processing {'house_href': 'https://cd.lianjia.com/zufang/CD2395637721331933184.html',
 'house_imagdir': 'lianjia/整租·江东民居一区2室1厅东南',
 'house_name': '锦江-攀成钢-江东民居一区',
 'house_num': 'CD2395637721331933184',
 'house_price': '1200元/月',
 'house_size': '略',
 'house_style': '未知',
 'house_ting': '略',
 'house_title': '整租·江东民居一区2室1厅东南',
 'house_toword': '略'}
Traceback (most recent call last):
  File "/Users/chumu/PycharmProjects/test/venv/lib/python3.6/site-packages/twisted/internet/defer.py", line 654, in _runCallbacks
    current.result = callback(current.result, *args, **kw)
  File "/Users/chumu/Desktop/myspider/Project/15-scrapy/num7_lianjia/num7_lianjia/pipelines.py", line 20, in process_item
    str = json.dump(dict(item), ensure_ascii=False)
TypeError: dump() missing 1 required positional argument: 'fp'
2019-11-29 16:11:19 [scrapy.core.scraper] ERROR: Error processing {'house_href': 'https://cd.lianjia.com/zufang/CD2399177395870908416.html',
 'house_imagdir': 'lianjia/合租·中港CCPARK4居室南卧',
 'house_name': '锦江-东湖-中港CCPARK',
 'house_num': 'CD2399177395870908416',
 'house_price': '1350元/月',
 'house_size': '略',
 'house_style': '未知',
 'house_ting': '略',
 'house_title': '合租·中港CCPARK4居室南卧',
 'house_toword': '略'}
Traceback (most recent call last):
  File "/Users/chumu/PycharmProjects/test/venv/lib/python3.6/site-packages/twisted/internet/defer.py", line 654, in _runCallbacks
    current.result = callback(current.result, *args, **kw)
  File "/Users/chumu/Desktop/myspider/Project/15-scrapy/num7_lianjia/num7_lianjia/pipelines.py", line 20, in process_item
    str = json.dump(dict(item), ensure_ascii=False)
TypeError: dump() missing 1 required positional argument: 'fp'
2019-11-29 16:11:20 [scrapy.core.scraper] ERROR: Error processing {'house_href': 'https://cd.lianjia.com/zufang/CD2395691577595920384.html',
 'house_imagdir': 'lianjia/合租·大观祥苑1居室东南卧',
 'house_name': '锦江-川师-大观祥苑',
 'house_num': 'CD2395691577595920384',
 'house_price': '1200元/月',
 'house_size': '略',
 'house_style': '未知',
 'house_ting': '略',
 'house_title': '合租·大观祥苑1居室东南卧',
 'house_toword': '略'}
Traceback (most recent call last):
  File "/Users/chumu/PycharmProjects/test/venv/lib/python3.6/site-packages/twisted/internet/defer.py", line 654, in _runCallbacks
    current.result = callback(current.result, *args, **kw)
  File "/Users/chumu/Desktop/myspider/Project/15-scrapy/num7_lianjia/num7_lianjia/pipelines.py", line 20, in process_item
    str = json.dump(dict(item), ensure_ascii=False)
TypeError: dump() missing 1 required positional argument: 'fp'
2019-11-29 16:11:20 [scrapy.core.scraper] ERROR: Error processing {'house_href': 'https://cd.lianjia.com/zufang/CD2399911896943181824.html',
 'house_imagdir': 'lianjia/合租·中港CCPARK4居室南卧',
 'house_name': '锦江-东湖-中港CCPARK',
 'house_num': 'CD2399911896943181824',
 'house_price': '1100元/月',
 'house_size': '略',
 'house_style': '未知',
 'house_ting': '略',
 'house_title': '合租·中港CCPARK4居室南卧',
 'house_toword': '略'}
Traceback (most recent call last):
  File "/Users/chumu/PycharmProjects/test/venv/lib/python3.6/site-packages/twisted/internet/defer.py", line 654, in _runCallbacks
    current.result = callback(current.result, *args, **kw)
  File "/Users/chumu/Desktop/myspider/Project/15-scrapy/num7_lianjia/num7_lianjia/pipelines.py", line 20, in process_item
    str = json.dump(dict(item), ensure_ascii=False)
TypeError: dump() missing 1 required positional argument: 'fp'
2019-11-29 16:11:21 [scrapy.core.scraper] ERROR: Error processing {'house_href': 'https://cd.lianjia.com/zufang/CD2396406433982709760.html',
 'house_imagdir': 'lianjia/整租·冻青树街38号1室0厅南',
 'house_name': '锦江-盐市口-冻青树街38号',
 'house_num': 'CD2396406433982709760',
 'house_price': '1000元/月',
 'house_size': '略',
 'house_style': '未知',
 'house_ting': '略',
 'house_title': '整租·冻青树街38号1室0厅南',
 'house_toword': '略'}
Traceback (most recent call last):
  File "/Users/chumu/PycharmProjects/test/venv/lib/python3.6/site-packages/twisted/internet/defer.py", line 654, in _runCallbacks
    current.result = callback(current.result, *args, **kw)
  File "/Users/chumu/Desktop/myspider/Project/15-scrapy/num7_lianjia/num7_lianjia/pipelines.py", line 20, in process_item
    str = json.dump(dict(item), ensure_ascii=False)
TypeError: dump() missing 1 required positional argument: 'fp'
2019-11-29 16:11:22 [scrapy.core.scraper] ERROR: Error processing {'house_href': 'https://cd.lianjia.com/zufang/CD2395632950076252160.html',
 'house_imagdir': 'lianjia/整租·东景雅苑1室0厅东',
 'house_name': '锦江-莲花-东景雅苑',
 'house_num': 'CD2395632950076252160',
 'house_price': '1100元/月',
 'house_size': '略',
 'house_style': '未知',
 'house_ting': '略',
 'house_title': '整租·东景雅苑1室0厅东',
 'house_toword': '略'}
Traceback (most recent call last):
  File "/Users/chumu/PycharmProjects/test/venv/lib/python3.6/site-packages/twisted/internet/defer.py", line 654, in _runCallbacks
    current.result = callback(current.result, *args, **kw)
  File "/Users/chumu/Desktop/myspider/Project/15-scrapy/num7_lianjia/num7_lianjia/pipelines.py", line 20, in process_item
    str = json.dump(dict(item), ensure_ascii=False)
TypeError: dump() missing 1 required positional argument: 'fp'
2019-11-29 16:11:23 [scrapy.core.scraper] ERROR: Error processing {'house_href': 'https://cd.lianjia.com/zufang/CD2396242537418326016.html',
 'house_imagdir': 'lianjia/整租·金泉街48号1室0厅东南',
 'house_name': '锦江-合江亭-金泉街48号',
 'house_num': 'CD2396242537418326016',
 'house_price': '1150元/月',
 'house_size': '略',
 'house_style': '未知',
 'house_ting': '略',
 'house_title': '整租·金泉街48号1室0厅东南',
 'house_toword': '略'}
Traceback (most recent call last):
  File "/Users/chumu/PycharmProjects/test/venv/lib/python3.6/site-packages/twisted/internet/defer.py", line 654, in _runCallbacks
    current.result = callback(current.result, *args, **kw)
  File "/Users/chumu/Desktop/myspider/Project/15-scrapy/num7_lianjia/num7_lianjia/pipelines.py", line 20, in process_item
    str = json.dump(dict(item), ensure_ascii=False)
TypeError: dump() missing 1 required positional argument: 'fp'
2019-11-29 16:11:24 [scrapy.core.scraper] ERROR: Error processing {'house_href': 'https://cd.lianjia.com/zufang/CD2396173660907388928.html',
 'house_imagdir': 'lianjia/整租·水碾河路6号2室2厅东南',
 'house_name': '锦江-水碾河-水碾河路6号',
 'house_num': 'CD2396173660907388928',
 'house_price': '1500元/月',
 'house_size': '略',
 'house_style': '未知',
 'house_ting': '略',
 'house_title': '整租·水碾河路6号2室2厅东南',
 'house_toword': '略'}
Traceback (most recent call last):
  File "/Users/chumu/PycharmProjects/test/venv/lib/python3.6/site-packages/twisted/internet/defer.py", line 654, in _runCallbacks
    current.result = callback(current.result, *args, **kw)
  File "/Users/chumu/Desktop/myspider/Project/15-scrapy/num7_lianjia/num7_lianjia/pipelines.py", line 20, in process_item
    str = json.dump(dict(item), ensure_ascii=False)
TypeError: dump() missing 1 required positional argument: 'fp'
2019-11-29 16:11:24 [scrapy.core.scraper] ERROR: Error processing {'house_href': 'https://cd.lianjia.com/zufang/CD2380890539794112512.html',
 'house_imagdir': 'lianjia/整租·磨房街30号1室0厅东',
 'house_name': '锦江-合江亭-磨房街30号',
 'house_num': 'CD2380890539794112512',
 'house_price': '1300元/月',
 'house_size': '略',
 'house_style': '未知',
 'house_ting': '略',
 'house_title': '整租·磨房街30号1室0厅东',
 'house_toword': '略'}
Traceback (most recent call last):
  File "/Users/chumu/PycharmProjects/test/venv/lib/python3.6/site-packages/twisted/internet/defer.py", line 654, in _runCallbacks
    current.result = callback(current.result, *args, **kw)
  File "/Users/chumu/Desktop/myspider/Project/15-scrapy/num7_lianjia/num7_lianjia/pipelines.py", line 20, in process_item
    str = json.dump(dict(item), ensure_ascii=False)
TypeError: dump() missing 1 required positional argument: 'fp'
2019-11-29 16:11:26 [scrapy.core.scraper] ERROR: Error processing {'house_href': 'https://cd.lianjia.com/zufang/CD2389001339100741632.html',
 'house_imagdir': 'lianjia/整租·水碾河路6号2室1厅南',
 'house_name': '锦江-水碾河-水碾河路6号',
 'house_num': 'CD2389001339100741632',
 'house_price': '1200元/月',
 'house_size': '略',
 'house_style': '未知',
 'house_ting': '略',
 'house_title': '整租·水碾河路6号2室1厅南',
 'house_toword': '略'}
Traceback (most recent call last):
  File "/Users/chumu/PycharmProjects/test/venv/lib/python3.6/site-packages/twisted/internet/defer.py", line 654, in _runCallbacks
    current.result = callback(current.result, *args, **kw)
  File "/Users/chumu/Desktop/myspider/Project/15-scrapy/num7_lianjia/num7_lianjia/pipelines.py", line 20, in process_item
    str = json.dump(dict(item), ensure_ascii=False)
TypeError: dump() missing 1 required positional argument: 'fp'
2019-11-29 16:11:26 [scrapy.core.scraper] ERROR: Error processing {'house_href': 'https://cd.lianjia.com/zufang/CD2398994690469789696.html',
 'house_imagdir': 'lianjia/合租·中港CCPARK4居室南卧',
 'house_name': '锦江-东湖-中港CCPARK',
 'house_num': 'CD2398994690469789696',
 'house_price': '1000元/月',
 'house_size': '略',
 'house_style': '未知',
 'house_ting': '略',
 'house_title': '合租·中港CCPARK4居室南卧',
 'house_toword': '略'}
Traceback (most recent call last):
  File "/Users/chumu/PycharmProjects/test/venv/lib/python3.6/site-packages/twisted/internet/defer.py", line 654, in _runCallbacks
    current.result = callback(current.result, *args, **kw)
  File "/Users/chumu/Desktop/myspider/Project/15-scrapy/num7_lianjia/num7_lianjia/pipelines.py", line 20, in process_item
    str = json.dump(dict(item), ensure_ascii=False)
TypeError: dump() missing 1 required positional argument: 'fp'
2019-11-29 16:11:26 [scrapy.core.scraper] ERROR: Error processing {'house_href': 'https://cd.lianjia.com/zufang/CD2338431442478178304.html',
 'house_imagdir': 'lianjia/整租·粼江峰阁1室0厅东南/南',
 'house_name': '锦江-九眼桥-粼江峰阁',
 'house_num': 'CD2338431442478178304',
 'house_price': '1300元/月',
 'house_size': '略',
 'house_style': '未知',
 'house_ting': '略',
 'house_title': '整租·粼江峰阁1室0厅东南/南',
 'house_toword': '略'}
Traceback (most recent call last):
  File "/Users/chumu/PycharmProjects/test/venv/lib/python3.6/site-packages/twisted/internet/defer.py", line 654, in _runCallbacks
    current.result = callback(current.result, *args, **kw)
  File "/Users/chumu/Desktop/myspider/Project/15-scrapy/num7_lianjia/num7_lianjia/pipelines.py", line 20, in process_item
    str = json.dump(dict(item), ensure_ascii=False)
TypeError: dump() missing 1 required positional argument: 'fp'
2019-11-29 16:11:27 [scrapy.core.scraper] ERROR: Error processing {'house_href': 'https://cd.lianjia.com/zufang/CD2393937590538469376.html',
 'house_imagdir': 'lianjia/整租·大观苑二期1室1厅南',
 'house_name': '锦江-蓝谷地-大观苑二期',
 'house_num': 'CD2393937590538469376',
 'house_price': '1300元/月',
 'house_size': '略',
 'house_style': '未知',
 'house_ting': '略',
 'house_title': '整租·大观苑二期1室1厅南',
 'house_toword': '略'}
Traceback (most recent call last):
  File "/Users/chumu/PycharmProjects/test/venv/lib/python3.6/site-packages/twisted/internet/defer.py", line 654, in _runCallbacks
    current.result = callback(current.result, *args, **kw)
  File "/Users/chumu/Desktop/myspider/Project/15-scrapy/num7_lianjia/num7_lianjia/pipelines.py", line 20, in process_item
    str = json.dump(dict(item), ensure_ascii=False)
TypeError: dump() missing 1 required positional argument: 'fp'
2019-11-29 16:11:27 [scrapy.core.scraper] ERROR: Error processing {'house_href': 'https://cd.lianjia.com/zufang/CD2399177397414141952.html',
 'house_imagdir': 'lianjia/合租·中港CCPARK4居室北卧',
 'house_name': '锦江-东湖-中港CCPARK',
 'house_num': 'CD2399177397414141952',
 'house_price': '1080元/月',
 'house_size': '略',
 'house_style': '未知',
 'house_ting': '略',
 'house_title': '合租·中港CCPARK4居室北卧',
 'house_toword': '略'}
Traceback (most recent call last):
  File "/Users/chumu/PycharmProjects/test/venv/lib/python3.6/site-packages/twisted/internet/defer.py", line 654, in _runCallbacks
    current.result = callback(current.result, *args, **kw)
  File "/Users/chumu/Desktop/myspider/Project/15-scrapy/num7_lianjia/num7_lianjia/pipelines.py", line 20, in process_item
    str = json.dump(dict(item), ensure_ascii=False)
TypeError: dump() missing 1 required positional argument: 'fp'
2019-11-29 16:11:27 [scrapy.core.scraper] ERROR: Error processing {'house_href': 'https://cd.lianjia.com/zufang/CD2399795464791654400.html',
 'house_imagdir': 'lianjia/合租·中新街70号4居室南卧',
 'house_name': '锦江-盐市口-中新街70号',
 'house_num': 'CD2399795464791654400',
 'house_price': '1290元/月',
 'house_size': '略',
 'house_style': '未知',
 'house_ting': '略',
 'house_title': '合租·中新街70号4居室南卧',
 'house_toword': '略'}
Traceback (most recent call last):
  File "/Users/chumu/PycharmProjects/test/venv/lib/python3.6/site-packages/twisted/internet/defer.py", line 654, in _runCallbacks
    current.result = callback(current.result, *args, **kw)
  File "/Users/chumu/Desktop/myspider/Project/15-scrapy/num7_lianjia/num7_lianjia/pipelines.py", line 20, in process_item
    str = json.dump(dict(item), ensure_ascii=False)
TypeError: dump() missing 1 required positional argument: 'fp'
2019-11-29 16:11:27 [scrapy.core.scraper] ERROR: Error processing {'house_href': 'https://cd.lianjia.com/zufang/CD2315957629605912576.html',
 'house_imagdir': 'lianjia/整租·海成大厦1室1厅南',
 'house_name': '锦江-合江亭-海成大厦',
 'house_num': 'CD2315957629605912576',
 'house_price': '1100元/月',
 'house_size': '略',
 'house_style': '未知',
 'house_ting': '略',
 'house_title': '整租·海成大厦1室1厅南',
 'house_toword': '略'}
Traceback (most recent call last):
  File "/Users/chumu/PycharmProjects/test/venv/lib/python3.6/site-packages/twisted/internet/defer.py", line 654, in _runCallbacks
    current.result = callback(current.result, *args, **kw)
  File "/Users/chumu/Desktop/myspider/Project/15-scrapy/num7_lianjia/num7_lianjia/pipelines.py", line 20, in process_item
    str = json.dump(dict(item), ensure_ascii=False)
TypeError: dump() missing 1 required positional argument: 'fp'
2019-11-29 16:11:27 [scrapy.core.scraper] ERROR: Error processing {'house_href': 'https://cd.lianjia.com/zufang/CD2389633383132037120.html',
 'house_imagdir': 'lianjia/整租·缤舍1室1厅西南',
 'house_name': '锦江-盐市口-缤舍',
 'house_num': 'CD2389633383132037120',
 'house_price': '1200元/月',
 'house_size': '略',
 'house_style': '未知',
 'house_ting': '略',
 'house_title': '整租·缤舍1室1厅西南',
 'house_toword': '略'}
Traceback (most recent call last):
  File "/Users/chumu/PycharmProjects/test/venv/lib/python3.6/site-packages/twisted/internet/defer.py", line 654, in _runCallbacks
    current.result = callback(current.result, *args, **kw)
  File "/Users/chumu/Desktop/myspider/Project/15-scrapy/num7_lianjia/num7_lianjia/pipelines.py", line 20, in process_item
    str = json.dump(dict(item), ensure_ascii=False)
TypeError: dump() missing 1 required positional argument: 'fp'
2019-11-29 16:11:27 [scrapy.core.scraper] ERROR: Error processing {'house_href': 'https://cd.lianjia.com/zufang/CD2397619087506685952.html',
 'house_imagdir': 'lianjia/合租·中粮鸿云4居室南卧',
 'house_name': '锦江-东大路-中粮鸿云',
 'house_num': 'CD2397619087506685952',
 'house_price': '1104元/月',
 'house_size': '略',
 'house_style': '未知',
 'house_ting': '略',
 'house_title': '合租·中粮鸿云4居室南卧',
 'house_toword': '略'}
Traceback (most recent call last):
  File "/Users/chumu/PycharmProjects/test/venv/lib/python3.6/site-packages/twisted/internet/defer.py", line 654, in _runCallbacks
    current.result = callback(current.result, *args, **kw)
  File "/Users/chumu/Desktop/myspider/Project/15-scrapy/num7_lianjia/num7_lianjia/pipelines.py", line 20, in process_item
    str = json.dump(dict(item), ensure_ascii=False)
TypeError: dump() missing 1 required positional argument: 'fp'
2019-11-29 16:11:27 [scrapy.core.scraper] ERROR: Error processing {'house_href': 'https://cd.lianjia.com/zufang/CD2399214860694470656.html',
 'house_imagdir': 'lianjia/合租·塔子山壹号5居室北卧',
 'house_name': '锦江-沙河堡-塔子山壹号',
 'house_num': 'CD2399214860694470656',
 'house_price': '1050元/月',
 'house_size': '略',
 'house_style': '未知',
 'house_ting': '略',
 'house_title': '合租·塔子山壹号5居室北卧',
 'house_toword': '略'}
Traceback (most recent call last):
  File "/Users/chumu/PycharmProjects/test/venv/lib/python3.6/site-packages/twisted/internet/defer.py", line 654, in _runCallbacks
    current.result = callback(current.result, *args, **kw)
  File "/Users/chumu/Desktop/myspider/Project/15-scrapy/num7_lianjia/num7_lianjia/pipelines.py", line 20, in process_item
    str = json.dump(dict(item), ensure_ascii=False)
TypeError: dump() missing 1 required positional argument: 'fp'
2019-11-29 16:11:27 [scrapy.core.scraper] ERROR: Error processing {'house_href': 'https://cd.lianjia.com/zufang/CD2399893039100739584.html',
 'house_imagdir': 'lianjia/合租·芷泉公寓5居室西南卧',
 'house_name': '锦江-合江亭-芷泉公寓',
 'house_num': 'CD2399893039100739584',
 'house_price': '1000元/月',
 'house_size': '略',
 'house_style': '未知',
 'house_ting': '略',
 'house_title': '合租·芷泉公寓5居室西南卧',
 'house_toword': '略'}
Traceback (most recent call last):
  File "/Users/chumu/PycharmProjects/test/venv/lib/python3.6/site-packages/twisted/internet/defer.py", line 654, in _runCallbacks
    current.result = callback(current.result, *args, **kw)
  File "/Users/chumu/Desktop/myspider/Project/15-scrapy/num7_lianjia/num7_lianjia/pipelines.py", line 20, in process_item
    str = json.dump(dict(item), ensure_ascii=False)
TypeError: dump() missing 1 required positional argument: 'fp'
2019-11-29 16:11:27 [scrapy.core.engine] ERROR: Scraper close failure
Traceback (most recent call last):
  File "/Users/chumu/PycharmProjects/test/venv/lib/python3.6/site-packages/twisted/internet/defer.py", line 654, in _runCallbacks
    current.result = callback(current.result, *args, **kw)
TypeError: close_spider() takes 1 positional argument but 2 were given
2019-11-29 16:14:12 [twisted] CRITICAL: Unhandled error in Deferred:
2019-11-29 16:14:12 [twisted] CRITICAL: 
Traceback (most recent call last):
  File "/Users/chumu/PycharmProjects/test/venv/lib/python3.6/site-packages/twisted/internet/defer.py", line 1418, in _inlineCallbacks
    result = g.send(result)
  File "/Users/chumu/PycharmProjects/test/venv/lib/python3.6/site-packages/scrapy/crawler.py", line 86, in crawl
    self.engine = self._create_engine()
  File "/Users/chumu/PycharmProjects/test/venv/lib/python3.6/site-packages/scrapy/crawler.py", line 111, in _create_engine
    return ExecutionEngine(self, lambda _: self.stop())
  File "/Users/chumu/PycharmProjects/test/venv/lib/python3.6/site-packages/scrapy/core/engine.py", line 70, in __init__
    self.scraper = Scraper(crawler)
  File "/Users/chumu/PycharmProjects/test/venv/lib/python3.6/site-packages/scrapy/core/scraper.py", line 71, in __init__
    self.itemproc = itemproc_cls.from_crawler(crawler)
  File "/Users/chumu/PycharmProjects/test/venv/lib/python3.6/site-packages/scrapy/middleware.py", line 53, in from_crawler
    return cls.from_settings(crawler.settings, crawler)
  File "/Users/chumu/PycharmProjects/test/venv/lib/python3.6/site-packages/scrapy/middleware.py", line 35, in from_settings
    mw = create_instance(mwcls, settings, crawler)
  File "/Users/chumu/PycharmProjects/test/venv/lib/python3.6/site-packages/scrapy/utils/misc.py", line 146, in create_instance
    return objcls(*args, **kwargs)
  File "/Users/chumu/Desktop/myspider/Project/15-scrapy/num7_lianjia/num7_lianjia/pipelines.py", line 17, in __init__
    self.file = open('lianjia.json', 'b', encoding='utf-8')
ValueError: binary mode doesn't take an encoding argument
2019-11-29 16:15:15 [scrapy.core.engine] ERROR: Scraper close failure
Traceback (most recent call last):
  File "/Users/chumu/PycharmProjects/test/venv/lib/python3.6/site-packages/twisted/internet/defer.py", line 654, in _runCallbacks
    current.result = callback(current.result, *args, **kw)
TypeError: close_spider() takes 1 positional argument but 2 were given
